Using pre-set license
Built from '2020.3/staging' branch; Version is '2020.3.26f1 (7298b473bc1a) revision 7510196'; Using compiler version '192528614'; Build Type 'Release'
OS: 'Windows 10  (10.0.19042) 64bit Core' Language: 'en' Physical Memory: 15970 MB
BatchMode: 1, IsHumanControllingUs: 0, StartBugReporterOnCrash: 0, Is64bit: 1, IsPro: 0

COMMAND LINE ARGUMENTS:
C:\Program Files\Unity\Hub\Editor\2019.4.22f1\Editor\2020.3.26f1\Editor\Unity.exe
-adb2
-batchMode
-noUpm
-name
AssetImportWorker0
-projectPath
C:/Users/csviv/Desktop/unity/Heimat Festival
-logFile
Logs/AssetImportWorker0.log
-srvPort
60413
Successfully changed project path to: C:/Users/csviv/Desktop/unity/Heimat Festival
C:/Users/csviv/Desktop/unity/Heimat Festival
Using Asset Import Pipeline V2.
Refreshing native plugins compatible for Editor in 815.19 ms, found 5 plugins.
Preloading 0 native plugins for Editor in 0.00 ms.
Initialize engine version: 2020.3.26f1 (7298b473bc1a)
[Subsystems] Discovering subsystems at path C:/Program Files/Unity/Hub/Editor/2019.4.22f1/Editor/2020.3.26f1/Editor/Data/Resources/UnitySubsystems
[Subsystems] Discovering subsystems at path C:/Users/csviv/Desktop/unity/Heimat Festival/Assets
GfxDevice: creating device client; threaded=0
Direct3D:
    Version:  Direct3D 11.0 [level 11.1]
    Renderer: Intel(R) Iris(R) Plus Graphics (ID=0x8a52)
    Vendor:   
    VRAM:     7985 MB
    Driver:   27.20.100.9621
Initialize mono
Mono path[0] = 'C:/Program Files/Unity/Hub/Editor/2019.4.22f1/Editor/2020.3.26f1/Editor/Data/Managed'
Mono path[1] = 'C:/Program Files/Unity/Hub/Editor/2019.4.22f1/Editor/2020.3.26f1/Editor/Data/MonoBleedingEdge/lib/mono/unityjit'
Mono config path = 'C:/Program Files/Unity/Hub/Editor/2019.4.22f1/Editor/2020.3.26f1/Editor/Data/MonoBleedingEdge/etc'
Using monoOptions --debugger-agent=transport=dt_socket,embedding=1,server=y,suspend=n,address=127.0.0.1:56520
Begin MonoManager ReloadAssembly
Registering precompiled unity dll's ...
Register platform support module: C:/Program Files/Unity/Hub/Editor/2019.4.22f1/Editor/2020.3.26f1/Editor/Data/PlaybackEngines/WebGLSupport/UnityEditor.WebGL.Extensions.dll
Register platform support module: C:/Program Files/Unity/Hub/Editor/2019.4.22f1/Editor/2020.3.26f1/Editor/Data/PlaybackEngines/WindowsStandaloneSupport/UnityEditor.WindowsStandalone.Extensions.dll
Registered in 0.009207 seconds.
Native extension for WindowsStandalone target not found
Native extension for WebGL target not found
Refreshing native plugins compatible for Editor in 723.62 ms, found 5 plugins.
Preloading 0 native plugins for Editor in 0.00 ms.
Mono: successfully reloaded assembly
- Completed reload, in  2.921 seconds
Domain Reload Profiling:
	ReloadAssembly (2921ms)
		BeginReloadAssembly (225ms)
			ExecutionOrderSort (0ms)
			DisableScriptedObjects (0ms)
			BackupInstance (0ms)
			ReleaseScriptingObjects (0ms)
			CreateAndSetChildDomain (4ms)
		EndReloadAssembly (2414ms)
			LoadAssemblies (217ms)
			RebuildTransferFunctionScriptingTraits (0ms)
			SetupTypeCache (559ms)
			ReleaseScriptCaches (0ms)
			RebuildScriptCaches (139ms)
			SetupLoadedEditorAssemblies (1269ms)
				LogAssemblyErrors (0ms)
				InitializePlatformSupportModulesInManaged (22ms)
				SetLoadedEditorAssemblies (2ms)
				RefreshPlugins (724ms)
				BeforeProcessingInitializeOnLoad (66ms)
				ProcessInitializeOnLoadAttributes (348ms)
				ProcessInitializeOnLoadMethodAttributes (106ms)
				AfterProcessingInitializeOnLoad (0ms)
				EditorAssembliesLoaded (1ms)
			ExecutionOrderSort2 (0ms)
			AwakeInstancesAfterBackupRestoration (0ms)
Platform modules already initialized, skipping
Registering precompiled user dll's ...
Registered in 0.038573 seconds.
Begin MonoManager ReloadAssembly
Native extension for WindowsStandalone target not found
Native extension for WebGL target not found
Refreshing native plugins compatible for Editor in 733.19 ms, found 5 plugins.
Preloading 0 native plugins for Editor in 0.00 ms.
Mono: successfully reloaded assembly
- Completed reload, in  7.630 seconds
Domain Reload Profiling:
	ReloadAssembly (7634ms)
		BeginReloadAssembly (532ms)
			ExecutionOrderSort (0ms)
			DisableScriptedObjects (20ms)
			BackupInstance (0ms)
			ReleaseScriptingObjects (1ms)
			CreateAndSetChildDomain (54ms)
		EndReloadAssembly (6856ms)
			LoadAssemblies (406ms)
			RebuildTransferFunctionScriptingTraits (0ms)
			SetupTypeCache (1842ms)
			ReleaseScriptCaches (3ms)
			RebuildScriptCaches (541ms)
			SetupLoadedEditorAssemblies (3502ms)
				LogAssemblyErrors (0ms)
				InitializePlatformSupportModulesInManaged (20ms)
				SetLoadedEditorAssemblies (2ms)
				RefreshPlugins (734ms)
				BeforeProcessingInitializeOnLoad (608ms)
				ProcessInitializeOnLoadAttributes (1560ms)
				ProcessInitializeOnLoadMethodAttributes (555ms)
				AfterProcessingInitializeOnLoad (22ms)
				EditorAssembliesLoaded (1ms)
			ExecutionOrderSort2 (0ms)
			AwakeInstancesAfterBackupRestoration (31ms)
Platform modules already initialized, skipping
========================================================================
Worker process is ready to serve import requests
Launched and connected shader compiler UnityShaderCompiler.exe after 0.18 seconds
Refreshing native plugins compatible for Editor in 6.56 ms, found 5 plugins.
Preloading 0 native plugins for Editor in 0.00 ms.
Unloading 6662 Unused Serialized files (Serialized files now loaded: 0)
System memory in use before: 261.3 MB.
System memory in use after: 261.7 MB.

Unloading 181 unused Assets to reduce memory usage. Loaded Objects now: 7038.
Total: 13.090600 ms (FindLiveObjects: 0.886500 ms CreateObjectMapping: 0.734700 ms MarkObjects: 10.854800 ms  DeleteObjects: 0.611200 ms)

AssetImportParameters requested are different than current active one (requested -> active):
  custom:framework-win-MediaFoundation: 216162199b28c13a410421893ffa2e32 -> 
  custom:video-decoder-ogg-theora: a1e56fd34408186e4bbccfd4996cb3dc -> 
  custom:container-muxer-webm: aa71ff27fc2769a1b78a27578f13a17b -> 
  custom:container-demuxer-webm: 4f35f7cbe854078d1ac9338744f61a02 -> 
  custom:container-demuxer-ogg: 62fdf1f143b41e24485cea50d1cbac27 -> 
  custom:video-encoder-webm-vp8: eb34c28f22e8b96e1ab97ce403110664 -> 
  custom:video-decoder-webm-vp8: 9c59270c3fd7afecdb556c50c9e8de78 -> 
  custom:audio-decoder-ogg-vorbis: bf7c407c2cedff20999df2af8eb42d56 -> 
  custom:audio-encoder-webm-vorbis: bf7c407c2cedff20999df2af8eb42d56 -> 
========================================================================
Received Import Request.
  path: Assets/Resources/Sprites/Games/Bar/playerAnimation
  artifactKey: Guid(8c5a76a38d06fcf418e17118c2166fda) Importer(815301076,1909f56bfc062723c751e8b465ee728b)
Start importing Assets/Resources/Sprites/Games/Bar/playerAnimation using Guid(8c5a76a38d06fcf418e17118c2166fda) Importer(815301076,1909f56bfc062723c751e8b465ee728b)  -> (artifact id: 'de7f80ff965f7fafe8813e96130acb1d') in 0.048098 seconds 
  Import took 0.087271 seconds .

========================================================================
Received Import Request.
  Time since last request: 0.000658 seconds.
  path: Assets/Resources/Sprites/Games/Bar/lightAnimation
  artifactKey: Guid(73224c69789f45b4092d897dd6206b0c) Importer(815301076,1909f56bfc062723c751e8b465ee728b)
Start importing Assets/Resources/Sprites/Games/Bar/lightAnimation using Guid(73224c69789f45b4092d897dd6206b0c) Importer(815301076,1909f56bfc062723c751e8b465ee728b)  -> (artifact id: 'e7eced1b8155ed1ff32faffd1a7e69e9') in 0.021642 seconds 
  Import took 0.063143 seconds .

========================================================================
Received Import Request.
  Time since last request: 4.160603 seconds.
  path: Assets/Resources/Sprites/Games/Spaceball/Spaceball_Player_1.png
  artifactKey: Guid(7fbbca0e969f682488f19a39adc6aa62) Importer(815301076,1909f56bfc062723c751e8b465ee728b)
Start importing Assets/Resources/Sprites/Games/Spaceball/Spaceball_Player_1.png using Guid(7fbbca0e969f682488f19a39adc6aa62) Importer(815301076,1909f56bfc062723c751e8b465ee728b)  -> (artifact id: 'e88336b05ca927641582e71e9b70ab1e') in 0.440262 seconds 
  Import took 0.475195 seconds .

========================================================================
Received Import Request.
  Time since last request: 12008.204956 seconds.
  path: Assets/music/FMOD Heimat Festival
  artifactKey: Guid(8f8f4c23c33fce44687e5c01dbdc26d3) Importer(815301076,1909f56bfc062723c751e8b465ee728b)
Start importing Assets/music/FMOD Heimat Festival using Guid(8f8f4c23c33fce44687e5c01dbdc26d3) Importer(815301076,1909f56bfc062723c751e8b465ee728b)  -> (artifact id: '1047096591edb6b25bcdc0d9a8b9c6e6') in 0.022305 seconds 
  Import took 0.066078 seconds .

========================================================================
Received Import Request.
  Time since last request: 39.442968 seconds.
  path: Assets/Scenes/minigame1.unity
  artifactKey: Guid(5afc4214a139def4ca83100ac1632200) Importer(815301076,1909f56bfc062723c751e8b465ee728b)
Start importing Assets/Scenes/minigame1.unity using Guid(5afc4214a139def4ca83100ac1632200) Importer(815301076,1909f56bfc062723c751e8b465ee728b)  -> (artifact id: '5889f04470f150135fa1033da6e16deb') in 0.024778 seconds 
  Import took 0.056600 seconds .

========================================================================
Received Import Request.
  Time since last request: 36.484523 seconds.
  path: Assets/Doozy/Examples/Sounds/SFX/Alerts/Activate.mp3
  artifactKey: Guid(e4f579583c13af248be6ab14e3ba3b5c) Importer(815301076,1909f56bfc062723c751e8b465ee728b)
Start importing Assets/Doozy/Examples/Sounds/SFX/Alerts/Activate.mp3 using Guid(e4f579583c13af248be6ab14e3ba3b5c) Importer(815301076,1909f56bfc062723c751e8b465ee728b)  -> (artifact id: 'c7f65dbf5b4f20a525143ffc104a5c11') in 0.350052 seconds 
  Import took 0.390849 seconds .

========================================================================
Received Import Request.
  Time since last request: 0.000621 seconds.
  path: Assets/Plugins/Pixel Crushers/Dialogue System/Demo/Art/Sounds/Background Noise.ogg
  artifactKey: Guid(27040cb93870a034e8b5141eedcd7f44) Importer(815301076,1909f56bfc062723c751e8b465ee728b)
Start importing Assets/Plugins/Pixel Crushers/Dialogue System/Demo/Art/Sounds/Background Noise.ogg using Guid(27040cb93870a034e8b5141eedcd7f44) Importer(815301076,1909f56bfc062723c751e8b465ee728b)  -> (artifact id: '73039ac118b8c1aad7caa4654d887f3c') in 0.066902 seconds 
  Import took 0.107143 seconds .

========================================================================
Received Import Request.
  Time since last request: 0.000749 seconds.
  path: Assets/Resources/Sfx/games/forkLifter/burger.ogg
  artifactKey: Guid(2d549e6ecb4bf2a418d31730021a38d9) Importer(815301076,1909f56bfc062723c751e8b465ee728b)
Start importing Assets/Resources/Sfx/games/forkLifter/burger.ogg using Guid(2d549e6ecb4bf2a418d31730021a38d9) Importer(815301076,1909f56bfc062723c751e8b465ee728b)  -> (artifact id: '91e92fd9c28f5d95ed62733ff1f1418e') in 0.056800 seconds 
  Import took 0.095932 seconds .

========================================================================
Received Import Request.
  Time since last request: 0.000607 seconds.
  path: Assets/Resources/Sfx/games/karateman/barrelBreak.ogg
  artifactKey: Guid(eaa3f9c9f0a03824e881968b365bf5ce) Importer(815301076,1909f56bfc062723c751e8b465ee728b)
Start importing Assets/Resources/Sfx/games/karateman/barrelBreak.ogg using Guid(eaa3f9c9f0a03824e881968b365bf5ce) Importer(815301076,1909f56bfc062723c751e8b465ee728b)  -> (artifact id: 'd27d361e3ba562abe3120fba1c3bf2e7') in 0.062283 seconds 
  Import took 0.098281 seconds .

========================================================================
Received Import Request.
  Time since last request: 0.000633 seconds.
  path: Assets/Doozy/Examples/Sounds/SFX/Alerts/Alert 2.mp3
  artifactKey: Guid(898bc7709dc63af4a9e5cf5c5982a3af) Importer(815301076,1909f56bfc062723c751e8b465ee728b)
Start importing Assets/Doozy/Examples/Sounds/SFX/Alerts/Alert 2.mp3 using Guid(898bc7709dc63af4a9e5cf5c5982a3af) Importer(815301076,1909f56bfc062723c751e8b465ee728b)  -> (artifact id: '98e71a1ab06532c5cad068c3f28711f1') in 0.058463 seconds 
  Import took 0.096269 seconds .

========================================================================
Received Import Request.
  Time since last request: 0.000541 seconds.
  path: Assets/Resources/Sfx/games/karateman/bombKick.ogg
  artifactKey: Guid(2107ebb148e4e27418be5788cd831ef6) Importer(815301076,1909f56bfc062723c751e8b465ee728b)
Start importing Assets/Resources/Sfx/games/karateman/bombKick.ogg using Guid(2107ebb148e4e27418be5788cd831ef6) Importer(815301076,1909f56bfc062723c751e8b465ee728b)  -> (artifact id: 'b7c15ad2582636c363aca40a8efc21d5') in 0.060857 seconds 
  Import took 0.088769 seconds .

========================================================================
Received Import Request.
  Time since last request: 0.000563 seconds.
  path: Assets/Doozy/Examples/Sounds/SFX/Alerts/Bad Answer.mp3
  artifactKey: Guid(e2a16e36019b75541b980dffc85100c4) Importer(815301076,1909f56bfc062723c751e8b465ee728b)
Start importing Assets/Doozy/Examples/Sounds/SFX/Alerts/Bad Answer.mp3 using Guid(e2a16e36019b75541b980dffc85100c4) Importer(815301076,1909f56bfc062723c751e8b465ee728b)  -> (artifact id: '233c531ccc5500b21c868cc5c96e38f2') in 0.049006 seconds 
  Import took 0.075859 seconds .

========================================================================
Received Import Request.
  Time since last request: 0.000421 seconds.
  path: Assets/Doozy/Examples/Sounds/SFX/Clicks/Adding Machine.mp3
  artifactKey: Guid(27c38d2853f008c45b81f99a8106078a) Importer(815301076,1909f56bfc062723c751e8b465ee728b)
Start importing Assets/Doozy/Examples/Sounds/SFX/Clicks/Adding Machine.mp3 using Guid(27c38d2853f008c45b81f99a8106078a) Importer(815301076,1909f56bfc062723c751e8b465ee728b)  -> (artifact id: '7be71f387ea9b4c6e06f37ca4372a120') in 0.313676 seconds 
  Import took 0.343942 seconds .

========================================================================
Received Import Request.
  Time since last request: 0.000332 seconds.
  path: Assets/Resources/Music/aids.ogg
  artifactKey: Guid(f2b3061e6e227594f84e1cc5865e6812) Importer(815301076,1909f56bfc062723c751e8b465ee728b)
Start importing Assets/Resources/Music/aids.ogg using Guid(f2b3061e6e227594f84e1cc5865e6812) Importer(815301076,1909f56bfc062723c751e8b465ee728b)  -> (artifact id: '781df870bdefeab703bcda544746111e') in 0.047459 seconds 
  Import took 0.072328 seconds .

========================================================================
Received Import Request.
  Time since last request: 0.000322 seconds.
  path: Assets/Doozy/Examples/Sounds/SFX/Clicks/Bubble Pop.mp3
  artifactKey: Guid(d1c9ebabe99f26b43b092a3206324415) Importer(815301076,1909f56bfc062723c751e8b465ee728b)
Start importing Assets/Doozy/Examples/Sounds/SFX/Clicks/Bubble Pop.mp3 using Guid(d1c9ebabe99f26b43b092a3206324415) Importer(815301076,1909f56bfc062723c751e8b465ee728b)  -> (artifact id: 'f689dd3403a7a5bc5ddca59d72fb93c3') in 0.051972 seconds 
  Import took 0.071206 seconds .

========================================================================
Received Import Request.
  Time since last request: 0.000462 seconds.
  path: Assets/Doozy/Examples/Sounds/SFX/Clicks/Cartoon Blip.mp3
  artifactKey: Guid(d90dc9a8380242245b095dd9efdb1be0) Importer(815301076,1909f56bfc062723c751e8b465ee728b)
Start importing Assets/Doozy/Examples/Sounds/SFX/Clicks/Cartoon Blip.mp3 using Guid(d90dc9a8380242245b095dd9efdb1be0) Importer(815301076,1909f56bfc062723c751e8b465ee728b)  -> (artifact id: '0c9c4633188551306426e0613805674a') in 0.044620 seconds 
  Import took 0.066800 seconds .

========================================================================
Received Import Request.
  Time since last request: 0.000489 seconds.
  path: Assets/Resources/Sfx/games/spaceSoccer/ballHit.ogg
  artifactKey: Guid(7be3b2013c2d0c34c931604607055453) Importer(815301076,1909f56bfc062723c751e8b465ee728b)
Start importing Assets/Resources/Sfx/games/spaceSoccer/ballHit.ogg using Guid(7be3b2013c2d0c34c931604607055453) Importer(815301076,1909f56bfc062723c751e8b465ee728b)  -> (artifact id: 'c358949eee933dbea05d67d1b1e6a54e') in 0.041635 seconds 
  Import took 0.071534 seconds .

========================================================================
Received Import Request.
  Time since last request: 0.000521 seconds.
  path: Assets/Doozy/Examples/Sounds/SFX/Slides/Bubble Slide.mp3
  artifactKey: Guid(837b5ac589095b8488d854b1e8f82e15) Importer(815301076,1909f56bfc062723c751e8b465ee728b)
Start importing Assets/Doozy/Examples/Sounds/SFX/Slides/Bubble Slide.mp3 using Guid(837b5ac589095b8488d854b1e8f82e15) Importer(815301076,1909f56bfc062723c751e8b465ee728b)  -> (artifact id: '119d741aa8d70068618cd2f7c2dcfe1e') in 0.045479 seconds 
  Import took 0.071621 seconds .

========================================================================
Received Import Request.
  Time since last request: 0.000456 seconds.
  path: Assets/Doozy/Examples/Sounds/SFX/Clicks/Button Tap.mp3
  artifactKey: Guid(51cc2846ceb680048a19d94445800b9f) Importer(815301076,1909f56bfc062723c751e8b465ee728b)
Start importing Assets/Doozy/Examples/Sounds/SFX/Clicks/Button Tap.mp3 using Guid(51cc2846ceb680048a19d94445800b9f) Importer(815301076,1909f56bfc062723c751e8b465ee728b)  -> (artifact id: '080740ddf763de482437a168b3b7e746') in 0.041597 seconds 
  Import took 0.067986 seconds .

========================================================================
Received Import Request.
  Time since last request: 0.000539 seconds.
  path: Assets/Doozy/Examples/Sounds/SFX/Alerts/Button Select.mp3
  artifactKey: Guid(f189a9c380a5ea8489e2aa4bc83073cb) Importer(815301076,1909f56bfc062723c751e8b465ee728b)
Start importing Assets/Doozy/Examples/Sounds/SFX/Alerts/Button Select.mp3 using Guid(f189a9c380a5ea8489e2aa4bc83073cb) Importer(815301076,1909f56bfc062723c751e8b465ee728b)  -> (artifact id: 'f99f506371f6a26f7936571b9137d11e') in 0.046131 seconds 
  Import took 0.075632 seconds .

========================================================================
Received Import Request.
  Time since last request: 0.000547 seconds.
  path: Assets/Doozy/Examples/Sounds/SFX/Clicks/Camera Vintage Gen.mp3
  artifactKey: Guid(1d450fc81cf3db449b4d0bdecaad2732) Importer(815301076,1909f56bfc062723c751e8b465ee728b)
Start importing Assets/Doozy/Examples/Sounds/SFX/Clicks/Camera Vintage Gen.mp3 using Guid(1d450fc81cf3db449b4d0bdecaad2732) Importer(815301076,1909f56bfc062723c751e8b465ee728b)  -> (artifact id: 'af9e66760b9e99efe1534a05dcd0a0c3') in 0.052715 seconds 
  Import took 0.080324 seconds .

========================================================================
Received Import Request.
  Time since last request: 0.000390 seconds.
  path: Assets/Resources/Sfx/games/karateman/barrelOutCombos.ogg
  artifactKey: Guid(9a4434b8138c63a42bafe2e93d34e554) Importer(815301076,1909f56bfc062723c751e8b465ee728b)
Start importing Assets/Resources/Sfx/games/karateman/barrelOutCombos.ogg using Guid(9a4434b8138c63a42bafe2e93d34e554) Importer(815301076,1909f56bfc062723c751e8b465ee728b)  -> (artifact id: '42efc3c3b7110c48709c038c6292dc9a') in 0.046332 seconds 
  Import took 0.073269 seconds .

========================================================================
Received Import Request.
  Time since last request: 0.000478 seconds.
  path: Assets/Resources/Sfx/games/karateman/barrelOutKicks.ogg
  artifactKey: Guid(50ec8282443497546aa9382a622d8300) Importer(815301076,1909f56bfc062723c751e8b465ee728b)
Start importing Assets/Resources/Sfx/games/karateman/barrelOutKicks.ogg using Guid(50ec8282443497546aa9382a622d8300) Importer(815301076,1909f56bfc062723c751e8b465ee728b)  -> (artifact id: 'f33d71b8417407c79d76974bb6025403') in 0.048479 seconds 
  Import took 0.073007 seconds .

========================================================================
Received Import Request.
  Time since last request: 0.000452 seconds.
  path: Assets/Doozy/Examples/Sounds/SFX/Slides/Camera Shot.mp3
  artifactKey: Guid(d385abad347aff24ba4b1d26f921f317) Importer(815301076,1909f56bfc062723c751e8b465ee728b)
Start importing Assets/Doozy/Examples/Sounds/SFX/Slides/Camera Shot.mp3 using Guid(d385abad347aff24ba4b1d26f921f317) Importer(815301076,1909f56bfc062723c751e8b465ee728b)  -> (artifact id: '0ecd6531909aad23065a020e762b9236') in 0.047166 seconds 
  Import took 0.070532 seconds .

========================================================================
Received Import Request.
  Time since last request: 0.000451 seconds.
  path: Assets/Doozy/Examples/Sounds/SFX/Clicks/Button Blip.mp3
  artifactKey: Guid(63a4aac097dc06d4ba6c134f5cfbd1e4) Importer(815301076,1909f56bfc062723c751e8b465ee728b)
Start importing Assets/Doozy/Examples/Sounds/SFX/Clicks/Button Blip.mp3 using Guid(63a4aac097dc06d4ba6c134f5cfbd1e4) Importer(815301076,1909f56bfc062723c751e8b465ee728b)  -> (artifact id: '2727c01ab1d7138b475724aed6840552') in 0.047101 seconds 
  Import took 0.071247 seconds .

========================================================================
Received Import Request.
  Time since last request: 0.000354 seconds.
  path: Assets/Doozy/Examples/Sounds/SFX/Alerts/Alert 4.mp3
  artifactKey: Guid(8181bcd0d96602247a7007b358334c3b) Importer(815301076,1909f56bfc062723c751e8b465ee728b)
Start importing Assets/Doozy/Examples/Sounds/SFX/Alerts/Alert 4.mp3 using Guid(8181bcd0d96602247a7007b358334c3b) Importer(815301076,1909f56bfc062723c751e8b465ee728b)  -> (artifact id: '3437a570d32cea42552975a285681792') in 0.049319 seconds 
  Import took 0.075648 seconds .

========================================================================
Received Import Request.
  Time since last request: 0.000434 seconds.
  path: Assets/Resources/Sfx/games/karateman/bombHit.ogg
  artifactKey: Guid(cb25c7552cbfc2b42a6d3ce6b9a9ceab) Importer(815301076,1909f56bfc062723c751e8b465ee728b)
Start importing Assets/Resources/Sfx/games/karateman/bombHit.ogg using Guid(cb25c7552cbfc2b42a6d3ce6b9a9ceab) Importer(815301076,1909f56bfc062723c751e8b465ee728b)  -> (artifact id: 'fd0fe852a58422e09a7716d0e24c3501') in 0.053140 seconds 
  Import took 0.072975 seconds .

========================================================================
Received Import Request.
  Time since last request: 0.000364 seconds.
  path: Assets/Doozy/Examples/Sounds/SFX/Clicks/Beeps Bonks Boinks.mp3
  artifactKey: Guid(9496019265e0fb2459d8d41fc68dda35) Importer(815301076,1909f56bfc062723c751e8b465ee728b)
Start importing Assets/Doozy/Examples/Sounds/SFX/Clicks/Beeps Bonks Boinks.mp3 using Guid(9496019265e0fb2459d8d41fc68dda35) Importer(815301076,1909f56bfc062723c751e8b465ee728b)  -> (artifact id: '95a8121636bdb4dccc2bb2321bfcd8c8') in 0.044302 seconds 
  Import took 0.068010 seconds .

========================================================================
Received Import Request.
  Time since last request: 0.000474 seconds.
  path: Assets/Doozy/Examples/Sounds/SFX/Alerts/African Notification.mp3
  artifactKey: Guid(8f1c1f931ed244b45828b399ce2e580e) Importer(815301076,1909f56bfc062723c751e8b465ee728b)
Start importing Assets/Doozy/Examples/Sounds/SFX/Alerts/African Notification.mp3 using Guid(8f1c1f931ed244b45828b399ce2e580e) Importer(815301076,1909f56bfc062723c751e8b465ee728b)  -> (artifact id: 'ee74df4bb62e032171d87bc303e9fa51') in 0.059387 seconds 
  Import took 0.089438 seconds .

========================================================================
Received Import Request.
  Time since last request: 0.000703 seconds.
  path: Assets/Doozy/Examples/Sounds/SFX/Alerts/Alert 1.mp3
  artifactKey: Guid(2c45a3a99668da74d9ff7a4010e1c39a) Importer(815301076,1909f56bfc062723c751e8b465ee728b)
Start importing Assets/Doozy/Examples/Sounds/SFX/Alerts/Alert 1.mp3 using Guid(2c45a3a99668da74d9ff7a4010e1c39a) Importer(815301076,1909f56bfc062723c751e8b465ee728b)  -> (artifact id: '02d3501f84a92ad75db9d47994a6b31a') in 0.064419 seconds 
  Import took 0.105007 seconds .

========================================================================
Received Import Request.
  Time since last request: 0.000804 seconds.
  path: Assets/Resources/Sfx/games/karateman/alienHit.ogg
  artifactKey: Guid(5c199c7b7d2836e4796e71483bcd2264) Importer(815301076,1909f56bfc062723c751e8b465ee728b)
Start importing Assets/Resources/Sfx/games/karateman/alienHit.ogg using Guid(5c199c7b7d2836e4796e71483bcd2264) Importer(815301076,1909f56bfc062723c751e8b465ee728b)  -> (artifact id: '3a746aa222dbd8a1de670bfd3f0205d7') in 0.064290 seconds 
  Import took 0.101467 seconds .

========================================================================
Received Import Request.
  Time since last request: 0.000704 seconds.
  path: Assets/Resources/Sfx/games/karateman/bombBreak.ogg
  artifactKey: Guid(1c0bc6236735b3b40adc381db7b895e5) Importer(815301076,1909f56bfc062723c751e8b465ee728b)
Start importing Assets/Resources/Sfx/games/karateman/bombBreak.ogg using Guid(1c0bc6236735b3b40adc381db7b895e5) Importer(815301076,1909f56bfc062723c751e8b465ee728b)  -> (artifact id: '4575c8f3b645478594f7be9102587d10') in 0.060562 seconds 
  Import took 0.099672 seconds .

========================================================================
Received Import Request.
  Time since last request: 0.000486 seconds.
  path: Assets/Doozy/Examples/Sounds/SFX/Alerts/Alert 3.mp3
  artifactKey: Guid(6658bb8e2ce99de4f8755c7739c8cb03) Importer(815301076,1909f56bfc062723c751e8b465ee728b)
Start importing Assets/Doozy/Examples/Sounds/SFX/Alerts/Alert 3.mp3 using Guid(6658bb8e2ce99de4f8755c7739c8cb03) Importer(815301076,1909f56bfc062723c751e8b465ee728b)  -> (artifact id: '9da634bda14577c67fbca0e13362c070') in 0.059303 seconds 
  Import took 0.096438 seconds .

========================================================================
Received Import Request.
  Time since last request: 1.004463 seconds.
  path: Assets/music/Minigame 1 Music (120 BPM, Gm).wav
  artifactKey: Guid(1420d55d445dbd5409e5a9c4821cded1) Importer(815301076,1909f56bfc062723c751e8b465ee728b)
Start importing Assets/music/Minigame 1 Music (120 BPM, Gm).wav using Guid(1420d55d445dbd5409e5a9c4821cded1) Importer(815301076,1909f56bfc062723c751e8b465ee728b)  -> (artifact id: 'a3cfd701494a545c09009dffeda5e75b') in 0.049776 seconds 
  Import took 0.079366 seconds .

========================================================================
Received Import Request.
  Time since last request: 0.000780 seconds.
  path: Assets/music/Minigame 1 Music_Tutorial (120 BPM, Gm).wav
  artifactKey: Guid(63f44445057eca34ca43dbd80af40495) Importer(815301076,1909f56bfc062723c751e8b465ee728b)
Start importing Assets/music/Minigame 1 Music_Tutorial (120 BPM, Gm).wav using Guid(63f44445057eca34ca43dbd80af40495) Importer(815301076,1909f56bfc062723c751e8b465ee728b)  -> (artifact id: '78e29d63b9da44f607333958d0cc1700') in 0.048146 seconds 
  Import took 0.085813 seconds .

========================================================================
Received Import Request.
  Time since last request: 0.000637 seconds.
  path: Assets/music/FMOD Heimat Festival/Assets/Minigame 1 Temp BGM (120 BPM, Gm).wav
  artifactKey: Guid(b8931412dad569048b34055cad35cfb5) Importer(815301076,1909f56bfc062723c751e8b465ee728b)
Start importing Assets/music/FMOD Heimat Festival/Assets/Minigame 1 Temp BGM (120 BPM, Gm).wav using Guid(b8931412dad569048b34055cad35cfb5) Importer(815301076,1909f56bfc062723c751e8b465ee728b)  -> (artifact id: 'aacb1b7b3951d5b740e1b790a524f653') in 0.068266 seconds 
  Import took 0.106227 seconds .

========================================================================
Received Prepare
Registering precompiled user dll's ...
Registered in 0.039052 seconds.
Begin MonoManager ReloadAssembly
Native extension for WindowsStandalone target not found
Native extension for WebGL target not found
Refreshing native plugins compatible for Editor in 5.38 ms, found 5 plugins.
Preloading 0 native plugins for Editor in 0.00 ms.
System.TypeInitializationException: The type initializer for 'Doozy.Engine.Utils.DoozyPath' threw an exception. ---> System.ArgumentException: The specified path is not of a legal form (empty).
  at System.IO.Path.InsecureGetFullPath (System.String path) [0x00025] in <695d1cc93cca45069c528c15c9fdd749>:0 
  at System.IO.Path.GetFullPathInternal (System.String path) [0x00000] in <695d1cc93cca45069c528c15c9fdd749>:0 
  at System.IO.FileInfo.Init (System.String fileName, System.Boolean checkHost) [0x00007] in <695d1cc93cca45069c528c15c9fdd749>:0 
  at System.IO.FileInfo..ctor (System.String fileName) [0x00014] in <695d1cc93cca45069c528c15c9fdd749>:0 
  at (wrapper remoting-invoke-with-check) System.IO.FileInfo..ctor(string)
  at Doozy.Engine.Utils.DoozyPath.get_BasePath () [0x0003b] in C:\Users\csviv\Desktop\unity\Heimat Festival\Assets\Doozy\Engine\Utils\DoozyPath.cs:158 
  at Doozy.Engine.Utils.DoozyPath..cctor () [0x00000] in C:\Users\csviv\Desktop\unity\Heimat Festival\Assets\Doozy\Engine\Utils\DoozyPath.cs:62 
   --- End of inner exception stack trace ---
  at Doozy.Editor.Internal.ProcessorsSettings.get_Instance () [0x00018] in C:\Users\csviv\Desktop\unity\Heimat Festival\Assets\Doozy\Editor\Internal\ProcessorsSettings.cs:23 
  at Doozy.Editor.Internal.DoozyAssetsProcessor.ExecuteProcessor () [0x0003f] in C:\Users\csviv\Desktop\unity\Heimat Festival\Assets\Doozy\Editor\Internal\DoozyAssetsProcessor.cs:44 
  at Doozy.Editor.Internal.DoozyAssetsProcessor..cctor () [0x00001] in C:\Users\csviv\Desktop\unity\Heimat Festival\Assets\Doozy\Editor\Internal\DoozyAssetsProcessor.cs:25 
UnityEngine.StackTraceUtility:ExtractStackTrace ()
UnityEngine.DebugLogHandler:LogFormat (UnityEngine.LogType,UnityEngine.Object,string,object[])
UnityEngine.Logger:Log (UnityEngine.LogType,object)
UnityEngine.Debug:LogError (object)
UnityEditor.EditorAssemblies:ProcessInitializeOnLoadAttributes (System.Type[])

System.TypeInitializationException: The type initializer for 'Doozy.Engine.Utils.DoozyPath' threw an exception. ---> System.ArgumentException: The specified path is not of a legal form (empty).
  at System.IO.Path.InsecureGetFullPath (System.String path) [0x00025] in <695d1cc93cca45069c528c15c9fdd749>:0 
  at System.IO.Path.GetFullPathInternal (System.String path) [0x00000] in <695d1cc93cca45069c528c15c9fdd749>:0 
  at System.IO.FileInfo.Init (System.String fileName, System.Boolean checkHost) [0x00007] in <695d1cc93cca45069c528c15c9fdd749>:0 
  at System.IO.FileInfo..ctor (System.String fileName) [0x00014] in <695d1cc93cca45069c528c15c9fdd749>:0 
  at (wrapper remoting-invoke-with-check) System.IO.FileInfo..ctor(string)
  at Doozy.Engine.Utils.DoozyPath.get_BasePath () [0x0003b] in C:\Users\csviv\Desktop\unity\Heimat Festival\Assets\Doozy\Engine\Utils\DoozyPath.cs:158 
  at Doozy.Engine.Utils.DoozyPath..cctor () [0x00000] in C:\Users\csviv\Desktop\unity\Heimat Festival\Assets\Doozy\Engine\Utils\DoozyPath.cs:62 
   --- End of inner exception stack trace ---
  at Doozy.Editor.Internal.ProcessorsSettings.get_Instance () [0x00018] in C:\Users\csviv\Desktop\unity\Heimat Festival\Assets\Doozy\Editor\Internal\ProcessorsSettings.cs:23 
  at Doozy.Editor.Internal.FoldersProcessor.ExecuteProcessor () [0x0000c] in C:\Users\csviv\Desktop\unity\Heimat Festival\Assets\Doozy\Editor\Internal\FoldersProcessor.cs:20 
  at Doozy.Editor.Internal.FoldersProcessor..cctor () [0x00001] in C:\Users\csviv\Desktop\unity\Heimat Festival\Assets\Doozy\Editor\Internal\FoldersProcessor.cs:15 
UnityEngine.StackTraceUtility:ExtractStackTrace ()
UnityEngine.DebugLogHandler:LogFormat (UnityEngine.LogType,UnityEngine.Object,string,object[])
UnityEngine.Logger:Log (UnityEngine.LogType,object)
UnityEngine.Debug:LogError (object)
UnityEditor.EditorAssemblies:ProcessInitializeOnLoadAttributes (System.Type[])

Mono: successfully reloaded assembly
- Completed reload, in  6.118 seconds
Domain Reload Profiling:
	ReloadAssembly (6120ms)
		BeginReloadAssembly (441ms)
			ExecutionOrderSort (0ms)
			DisableScriptedObjects (28ms)
			BackupInstance (0ms)
			ReleaseScriptingObjects (0ms)
			CreateAndSetChildDomain (160ms)
		EndReloadAssembly (5446ms)
			LoadAssemblies (404ms)
			RebuildTransferFunctionScriptingTraits (0ms)
			SetupTypeCache (1728ms)
			ReleaseScriptCaches (5ms)
			RebuildScriptCaches (326ms)
			SetupLoadedEditorAssemblies (2266ms)
				LogAssemblyErrors (0ms)
				InitializePlatformSupportModulesInManaged (20ms)
				SetLoadedEditorAssemblies (2ms)
				RefreshPlugins (6ms)
				BeforeProcessingInitializeOnLoad (492ms)
				ProcessInitializeOnLoadAttributes (1251ms)
				ProcessInitializeOnLoadMethodAttributes (472ms)
				AfterProcessingInitializeOnLoad (21ms)
				EditorAssembliesLoaded (2ms)
			ExecutionOrderSort2 (0ms)
			AwakeInstancesAfterBackupRestoration (126ms)
Platform modules already initialized, skipping
Switching build target platform(19) subTarget(0) extendedPlatform(0) -> platform(13) subTarget(537395200) extendedPlatform(0)
Refreshing native plugins compatible for Editor in 4.39 ms, found 5 plugins.
Preloading 0 native plugins for Editor in 0.00 ms.
Unloading 6511 Unused Serialized files (Serialized files now loaded: 0)
System memory in use before: 269.0 MB.
System memory in use after: 269.4 MB.

Unloading 160 unused Assets to reduce memory usage. Loaded Objects now: 7052.
Total: 13.415100 ms (FindLiveObjects: 1.087000 ms CreateObjectMapping: 0.709300 ms MarkObjects: 11.238200 ms  DeleteObjects: 0.377300 ms)

AssetImportParameters requested are different than current active one (requested -> active):
  custom:framework-win-MediaFoundation: 216162199b28c13a410421893ffa2e32 -> 
  custom:video-decoder-ogg-theora: a1e56fd34408186e4bbccfd4996cb3dc -> 
  custom:container-muxer-webm: aa71ff27fc2769a1b78a27578f13a17b -> 
  custom:container-demuxer-webm: 4f35f7cbe854078d1ac9338744f61a02 -> 
  custom:container-demuxer-ogg: 62fdf1f143b41e24485cea50d1cbac27 -> 
  custom:video-encoder-webm-vp8: eb34c28f22e8b96e1ab97ce403110664 -> 
  custom:video-decoder-webm-vp8: 9c59270c3fd7afecdb556c50c9e8de78 -> 
  custom:graphics/normal-map-encoding: 01000000000000000000000000000000 -> 02000000000000000000000000000000
  custom:audio-decoder-ogg-vorbis: bf7c407c2cedff20999df2af8eb42d56 -> 
  custom:audio-encoder-webm-vorbis: bf7c407c2cedff20999df2af8eb42d56 -> 
========================================================================
Received Prepare
Registering precompiled user dll's ...
Registered in 0.021028 seconds.
Begin MonoManager ReloadAssembly
Native extension for WindowsStandalone target not found
Native extension for WebGL target not found
Refreshing native plugins compatible for Editor in 6.02 ms, found 5 plugins.
Preloading 0 native plugins for Editor in 0.00 ms.
System.TypeInitializationException: The type initializer for 'Doozy.Engine.Utils.DoozyPath' threw an exception. ---> System.ArgumentException: The specified path is not of a legal form (empty).
  at System.IO.Path.InsecureGetFullPath (System.String path) [0x00025] in <695d1cc93cca45069c528c15c9fdd749>:0 
  at System.IO.Path.GetFullPathInternal (System.String path) [0x00000] in <695d1cc93cca45069c528c15c9fdd749>:0 
  at System.IO.FileInfo.Init (System.String fileName, System.Boolean checkHost) [0x00007] in <695d1cc93cca45069c528c15c9fdd749>:0 
  at System.IO.FileInfo..ctor (System.String fileName) [0x00014] in <695d1cc93cca45069c528c15c9fdd749>:0 
  at (wrapper remoting-invoke-with-check) System.IO.FileInfo..ctor(string)
  at Doozy.Engine.Utils.DoozyPath.get_BasePath () [0x0003b] in C:\Users\csviv\Desktop\unity\Heimat Festival\Assets\Doozy\Engine\Utils\DoozyPath.cs:158 
  at Doozy.Engine.Utils.DoozyPath..cctor () [0x00000] in C:\Users\csviv\Desktop\unity\Heimat Festival\Assets\Doozy\Engine\Utils\DoozyPath.cs:62 
   --- End of inner exception stack trace ---
  at Doozy.Editor.Internal.ProcessorsSettings.get_Instance () [0x00018] in C:\Users\csviv\Desktop\unity\Heimat Festival\Assets\Doozy\Editor\Internal\ProcessorsSettings.cs:23 
  at Doozy.Editor.Internal.DoozyAssetsProcessor.ExecuteProcessor () [0x0003f] in C:\Users\csviv\Desktop\unity\Heimat Festival\Assets\Doozy\Editor\Internal\DoozyAssetsProcessor.cs:44 
  at Doozy.Editor.Internal.DoozyAssetsProcessor..cctor () [0x00001] in C:\Users\csviv\Desktop\unity\Heimat Festival\Assets\Doozy\Editor\Internal\DoozyAssetsProcessor.cs:25 
UnityEngine.StackTraceUtility:ExtractStackTrace ()
UnityEngine.DebugLogHandler:LogFormat (UnityEngine.LogType,UnityEngine.Object,string,object[])
UnityEngine.Logger:Log (UnityEngine.LogType,object)
UnityEngine.Debug:LogError (object)
UnityEditor.EditorAssemblies:ProcessInitializeOnLoadAttributes (System.Type[])

System.TypeInitializationException: The type initializer for 'Doozy.Engine.Utils.DoozyPath' threw an exception. ---> System.ArgumentException: The specified path is not of a legal form (empty).
  at System.IO.Path.InsecureGetFullPath (System.String path) [0x00025] in <695d1cc93cca45069c528c15c9fdd749>:0 
  at System.IO.Path.GetFullPathInternal (System.String path) [0x00000] in <695d1cc93cca45069c528c15c9fdd749>:0 
  at System.IO.FileInfo.Init (System.String fileName, System.Boolean checkHost) [0x00007] in <695d1cc93cca45069c528c15c9fdd749>:0 
  at System.IO.FileInfo..ctor (System.String fileName) [0x00014] in <695d1cc93cca45069c528c15c9fdd749>:0 
  at (wrapper remoting-invoke-with-check) System.IO.FileInfo..ctor(string)
  at Doozy.Engine.Utils.DoozyPath.get_BasePath () [0x0003b] in C:\Users\csviv\Desktop\unity\Heimat Festival\Assets\Doozy\Engine\Utils\DoozyPath.cs:158 
  at Doozy.Engine.Utils.DoozyPath..cctor () [0x00000] in C:\Users\csviv\Desktop\unity\Heimat Festival\Assets\Doozy\Engine\Utils\DoozyPath.cs:62 
   --- End of inner exception stack trace ---
  at Doozy.Editor.Internal.ProcessorsSettings.get_Instance () [0x00018] in C:\Users\csviv\Desktop\unity\Heimat Festival\Assets\Doozy\Editor\Internal\ProcessorsSettings.cs:23 
  at Doozy.Editor.Internal.FoldersProcessor.ExecuteProcessor () [0x0000c] in C:\Users\csviv\Desktop\unity\Heimat Festival\Assets\Doozy\Editor\Internal\FoldersProcessor.cs:20 
  at Doozy.Editor.Internal.FoldersProcessor..cctor () [0x00001] in C:\Users\csviv\Desktop\unity\Heimat Festival\Assets\Doozy\Editor\Internal\FoldersProcessor.cs:15 
UnityEngine.StackTraceUtility:ExtractStackTrace ()
UnityEngine.DebugLogHandler:LogFormat (UnityEngine.LogType,UnityEngine.Object,string,object[])
UnityEngine.Logger:Log (UnityEngine.LogType,object)
UnityEngine.Debug:LogError (object)
UnityEditor.EditorAssemblies:ProcessInitializeOnLoadAttributes (System.Type[])

Mono: successfully reloaded assembly
- Completed reload, in  4.877 seconds
Domain Reload Profiling:
	ReloadAssembly (4879ms)
		BeginReloadAssembly (230ms)
			ExecutionOrderSort (0ms)
			DisableScriptedObjects (24ms)
			BackupInstance (0ms)
			ReleaseScriptingObjects (0ms)
			CreateAndSetChildDomain (80ms)
		EndReloadAssembly (4581ms)
			LoadAssemblies (118ms)
			RebuildTransferFunctionScriptingTraits (0ms)
			SetupTypeCache (1044ms)
			ReleaseScriptCaches (6ms)
			RebuildScriptCaches (344ms)
			SetupLoadedEditorAssemblies (2262ms)
				LogAssemblyErrors (0ms)
				InitializePlatformSupportModulesInManaged (19ms)
				SetLoadedEditorAssemblies (2ms)
				RefreshPlugins (6ms)
				BeforeProcessingInitializeOnLoad (521ms)
				ProcessInitializeOnLoadAttributes (1235ms)
				ProcessInitializeOnLoadMethodAttributes (456ms)
				AfterProcessingInitializeOnLoad (21ms)
				EditorAssembliesLoaded (1ms)
			ExecutionOrderSort2 (0ms)
			AwakeInstancesAfterBackupRestoration (133ms)
Platform modules already initialized, skipping
Switching build target platform(19) subTarget(0) extendedPlatform(0) -> platform(13) subTarget(537395200) extendedPlatform(0)
Refreshing native plugins compatible for Editor in 8.78 ms, found 5 plugins.
Preloading 0 native plugins for Editor in 0.00 ms.
Unloading 6511 Unused Serialized files (Serialized files now loaded: 0)
System memory in use before: 269.1 MB.
System memory in use after: 269.5 MB.

Unloading 159 unused Assets to reduce memory usage. Loaded Objects now: 7054.
Total: 12.883100 ms (FindLiveObjects: 1.469000 ms CreateObjectMapping: 1.030700 ms MarkObjects: 10.023500 ms  DeleteObjects: 0.355900 ms)

AssetImportParameters requested are different than current active one (requested -> active):
  custom:framework-win-MediaFoundation: 216162199b28c13a410421893ffa2e32 -> 
  custom:video-decoder-ogg-theora: a1e56fd34408186e4bbccfd4996cb3dc -> 
  custom:container-muxer-webm: aa71ff27fc2769a1b78a27578f13a17b -> 
  custom:container-demuxer-webm: 4f35f7cbe854078d1ac9338744f61a02 -> 
  custom:container-demuxer-ogg: 62fdf1f143b41e24485cea50d1cbac27 -> 
  custom:video-encoder-webm-vp8: eb34c28f22e8b96e1ab97ce403110664 -> 
  custom:video-decoder-webm-vp8: 9c59270c3fd7afecdb556c50c9e8de78 -> 
  custom:graphics/normal-map-encoding: 01000000000000000000000000000000 -> 02000000000000000000000000000000
  custom:audio-decoder-ogg-vorbis: bf7c407c2cedff20999df2af8eb42d56 -> 
  custom:audio-encoder-webm-vorbis: bf7c407c2cedff20999df2af8eb42d56 -> 
========================================================================
Received Prepare
Registering precompiled user dll's ...
Registered in 0.022081 seconds.
Begin MonoManager ReloadAssembly
Native extension for WindowsStandalone target not found
Native extension for WebGL target not found
Refreshing native plugins compatible for Editor in 5.55 ms, found 5 plugins.
Preloading 0 native plugins for Editor in 0.00 ms.
System.TypeInitializationException: The type initializer for 'Doozy.Engine.Utils.DoozyPath' threw an exception. ---> System.ArgumentException: The specified path is not of a legal form (empty).
  at System.IO.Path.InsecureGetFullPath (System.String path) [0x00025] in <695d1cc93cca45069c528c15c9fdd749>:0 
  at System.IO.Path.GetFullPathInternal (System.String path) [0x00000] in <695d1cc93cca45069c528c15c9fdd749>:0 
  at System.IO.FileInfo.Init (System.String fileName, System.Boolean checkHost) [0x00007] in <695d1cc93cca45069c528c15c9fdd749>:0 
  at System.IO.FileInfo..ctor (System.String fileName) [0x00014] in <695d1cc93cca45069c528c15c9fdd749>:0 
  at (wrapper remoting-invoke-with-check) System.IO.FileInfo..ctor(string)
  at Doozy.Engine.Utils.DoozyPath.get_BasePath () [0x0003b] in C:\Users\csviv\Desktop\unity\Heimat Festival\Assets\Doozy\Engine\Utils\DoozyPath.cs:158 
  at Doozy.Engine.Utils.DoozyPath..cctor () [0x00000] in C:\Users\csviv\Desktop\unity\Heimat Festival\Assets\Doozy\Engine\Utils\DoozyPath.cs:62 
   --- End of inner exception stack trace ---
  at Doozy.Editor.Internal.ProcessorsSettings.get_Instance () [0x00018] in C:\Users\csviv\Desktop\unity\Heimat Festival\Assets\Doozy\Editor\Internal\ProcessorsSettings.cs:23 
  at Doozy.Editor.Internal.DoozyAssetsProcessor.ExecuteProcessor () [0x0003f] in C:\Users\csviv\Desktop\unity\Heimat Festival\Assets\Doozy\Editor\Internal\DoozyAssetsProcessor.cs:44 
  at Doozy.Editor.Internal.DoozyAssetsProcessor..cctor () [0x00001] in C:\Users\csviv\Desktop\unity\Heimat Festival\Assets\Doozy\Editor\Internal\DoozyAssetsProcessor.cs:25 
UnityEngine.StackTraceUtility:ExtractStackTrace ()
UnityEngine.DebugLogHandler:LogFormat (UnityEngine.LogType,UnityEngine.Object,string,object[])
UnityEngine.Logger:Log (UnityEngine.LogType,object)
UnityEngine.Debug:LogError (object)
UnityEditor.EditorAssemblies:ProcessInitializeOnLoadAttributes (System.Type[])

System.TypeInitializationException: The type initializer for 'Doozy.Engine.Utils.DoozyPath' threw an exception. ---> System.ArgumentException: The specified path is not of a legal form (empty).
  at System.IO.Path.InsecureGetFullPath (System.String path) [0x00025] in <695d1cc93cca45069c528c15c9fdd749>:0 
  at System.IO.Path.GetFullPathInternal (System.String path) [0x00000] in <695d1cc93cca45069c528c15c9fdd749>:0 
  at System.IO.FileInfo.Init (System.String fileName, System.Boolean checkHost) [0x00007] in <695d1cc93cca45069c528c15c9fdd749>:0 
  at System.IO.FileInfo..ctor (System.String fileName) [0x00014] in <695d1cc93cca45069c528c15c9fdd749>:0 
  at (wrapper remoting-invoke-with-check) System.IO.FileInfo..ctor(string)
  at Doozy.Engine.Utils.DoozyPath.get_BasePath () [0x0003b] in C:\Users\csviv\Desktop\unity\Heimat Festival\Assets\Doozy\Engine\Utils\DoozyPath.cs:158 
  at Doozy.Engine.Utils.DoozyPath..cctor () [0x00000] in C:\Users\csviv\Desktop\unity\Heimat Festival\Assets\Doozy\Engine\Utils\DoozyPath.cs:62 
   --- End of inner exception stack trace ---
  at Doozy.Editor.Internal.ProcessorsSettings.get_Instance () [0x00018] in C:\Users\csviv\Desktop\unity\Heimat Festival\Assets\Doozy\Editor\Internal\ProcessorsSettings.cs:23 
  at Doozy.Editor.Internal.FoldersProcessor.ExecuteProcessor () [0x0000c] in C:\Users\csviv\Desktop\unity\Heimat Festival\Assets\Doozy\Editor\Internal\FoldersProcessor.cs:20 
  at Doozy.Editor.Internal.FoldersProcessor..cctor () [0x00001] in C:\Users\csviv\Desktop\unity\Heimat Festival\Assets\Doozy\Editor\Internal\FoldersProcessor.cs:15 
UnityEngine.StackTraceUtility:ExtractStackTrace ()
UnityEngine.DebugLogHandler:LogFormat (UnityEngine.LogType,UnityEngine.Object,string,object[])
UnityEngine.Logger:Log (UnityEngine.LogType,object)
UnityEngine.Debug:LogError (object)
UnityEditor.EditorAssemblies:ProcessInitializeOnLoadAttributes (System.Type[])

Mono: successfully reloaded assembly
- Completed reload, in  5.755 seconds
Domain Reload Profiling:
	ReloadAssembly (5757ms)
		BeginReloadAssembly (404ms)
			ExecutionOrderSort (0ms)
			DisableScriptedObjects (28ms)
			BackupInstance (0ms)
			ReleaseScriptingObjects (0ms)
			CreateAndSetChildDomain (140ms)
		EndReloadAssembly (5074ms)
			LoadAssemblies (395ms)
			RebuildTransferFunctionScriptingTraits (0ms)
			SetupTypeCache (1609ms)
			ReleaseScriptCaches (5ms)
			RebuildScriptCaches (311ms)
			SetupLoadedEditorAssemblies (2078ms)
				LogAssemblyErrors (0ms)
				InitializePlatformSupportModulesInManaged (21ms)
				SetLoadedEditorAssemblies (2ms)
				RefreshPlugins (6ms)
				BeforeProcessingInitializeOnLoad (465ms)
				ProcessInitializeOnLoadAttributes (1155ms)
				ProcessInitializeOnLoadMethodAttributes (404ms)
				AfterProcessingInitializeOnLoad (24ms)
				EditorAssembliesLoaded (1ms)
			ExecutionOrderSort2 (0ms)
			AwakeInstancesAfterBackupRestoration (127ms)
Platform modules already initialized, skipping
Switching build target platform(19) subTarget(0) extendedPlatform(0) -> platform(13) subTarget(537395200) extendedPlatform(0)
Refreshing native plugins compatible for Editor in 8.17 ms, found 5 plugins.
Preloading 0 native plugins for Editor in 0.00 ms.
Unloading 6511 Unused Serialized files (Serialized files now loaded: 0)
System memory in use before: 269.1 MB.
System memory in use after: 269.6 MB.

Unloading 159 unused Assets to reduce memory usage. Loaded Objects now: 7056.
Total: 22.134500 ms (FindLiveObjects: 1.668700 ms CreateObjectMapping: 1.117500 ms MarkObjects: 18.792600 ms  DeleteObjects: 0.551700 ms)

AssetImportParameters requested are different than current active one (requested -> active):
  custom:framework-win-MediaFoundation: 216162199b28c13a410421893ffa2e32 -> 
  custom:video-decoder-ogg-theora: a1e56fd34408186e4bbccfd4996cb3dc -> 
  custom:container-muxer-webm: aa71ff27fc2769a1b78a27578f13a17b -> 
  custom:container-demuxer-webm: 4f35f7cbe854078d1ac9338744f61a02 -> 
  custom:container-demuxer-ogg: 62fdf1f143b41e24485cea50d1cbac27 -> 
  custom:video-encoder-webm-vp8: eb34c28f22e8b96e1ab97ce403110664 -> 
  custom:video-decoder-webm-vp8: 9c59270c3fd7afecdb556c50c9e8de78 -> 
  custom:graphics/normal-map-encoding: 01000000000000000000000000000000 -> 02000000000000000000000000000000
  custom:audio-decoder-ogg-vorbis: bf7c407c2cedff20999df2af8eb42d56 -> 
  custom:audio-encoder-webm-vorbis: bf7c407c2cedff20999df2af8eb42d56 -> 
========================================================================
Received Prepare
Registering precompiled user dll's ...
Registered in 0.015261 seconds.
Begin MonoManager ReloadAssembly
Native extension for WindowsStandalone target not found
Native extension for WebGL target not found
Refreshing native plugins compatible for Editor in 6.12 ms, found 5 plugins.
Preloading 0 native plugins for Editor in 0.00 ms.
System.TypeInitializationException: The type initializer for 'Doozy.Engine.Utils.DoozyPath' threw an exception. ---> System.ArgumentException: The specified path is not of a legal form (empty).
  at System.IO.Path.InsecureGetFullPath (System.String path) [0x00025] in <695d1cc93cca45069c528c15c9fdd749>:0 
  at System.IO.Path.GetFullPathInternal (System.String path) [0x00000] in <695d1cc93cca45069c528c15c9fdd749>:0 
  at System.IO.FileInfo.Init (System.String fileName, System.Boolean checkHost) [0x00007] in <695d1cc93cca45069c528c15c9fdd749>:0 
  at System.IO.FileInfo..ctor (System.String fileName) [0x00014] in <695d1cc93cca45069c528c15c9fdd749>:0 
  at (wrapper remoting-invoke-with-check) System.IO.FileInfo..ctor(string)
  at Doozy.Engine.Utils.DoozyPath.get_BasePath () [0x0003b] in C:\Users\csviv\Desktop\unity\Heimat Festival\Assets\Doozy\Engine\Utils\DoozyPath.cs:158 
  at Doozy.Engine.Utils.DoozyPath..cctor () [0x00000] in C:\Users\csviv\Desktop\unity\Heimat Festival\Assets\Doozy\Engine\Utils\DoozyPath.cs:62 
   --- End of inner exception stack trace ---
  at Doozy.Editor.Internal.ProcessorsSettings.get_Instance () [0x00018] in C:\Users\csviv\Desktop\unity\Heimat Festival\Assets\Doozy\Editor\Internal\ProcessorsSettings.cs:23 
  at Doozy.Editor.Internal.DoozyAssetsProcessor.ExecuteProcessor () [0x0003f] in C:\Users\csviv\Desktop\unity\Heimat Festival\Assets\Doozy\Editor\Internal\DoozyAssetsProcessor.cs:44 
  at Doozy.Editor.Internal.DoozyAssetsProcessor..cctor () [0x00001] in C:\Users\csviv\Desktop\unity\Heimat Festival\Assets\Doozy\Editor\Internal\DoozyAssetsProcessor.cs:25 
UnityEngine.StackTraceUtility:ExtractStackTrace ()
UnityEngine.DebugLogHandler:LogFormat (UnityEngine.LogType,UnityEngine.Object,string,object[])
UnityEngine.Logger:Log (UnityEngine.LogType,object)
UnityEngine.Debug:LogError (object)
UnityEditor.EditorAssemblies:ProcessInitializeOnLoadAttributes (System.Type[])

System.TypeInitializationException: The type initializer for 'Doozy.Engine.Utils.DoozyPath' threw an exception. ---> System.ArgumentException: The specified path is not of a legal form (empty).
  at System.IO.Path.InsecureGetFullPath (System.String path) [0x00025] in <695d1cc93cca45069c528c15c9fdd749>:0 
  at System.IO.Path.GetFullPathInternal (System.String path) [0x00000] in <695d1cc93cca45069c528c15c9fdd749>:0 
  at System.IO.FileInfo.Init (System.String fileName, System.Boolean checkHost) [0x00007] in <695d1cc93cca45069c528c15c9fdd749>:0 
  at System.IO.FileInfo..ctor (System.String fileName) [0x00014] in <695d1cc93cca45069c528c15c9fdd749>:0 
  at (wrapper remoting-invoke-with-check) System.IO.FileInfo..ctor(string)
  at Doozy.Engine.Utils.DoozyPath.get_BasePath () [0x0003b] in C:\Users\csviv\Desktop\unity\Heimat Festival\Assets\Doozy\Engine\Utils\DoozyPath.cs:158 
  at Doozy.Engine.Utils.DoozyPath..cctor () [0x00000] in C:\Users\csviv\Desktop\unity\Heimat Festival\Assets\Doozy\Engine\Utils\DoozyPath.cs:62 
   --- End of inner exception stack trace ---
  at Doozy.Editor.Internal.ProcessorsSettings.get_Instance () [0x00018] in C:\Users\csviv\Desktop\unity\Heimat Festival\Assets\Doozy\Editor\Internal\ProcessorsSettings.cs:23 
  at Doozy.Editor.Internal.FoldersProcessor.ExecuteProcessor () [0x0000c] in C:\Users\csviv\Desktop\unity\Heimat Festival\Assets\Doozy\Editor\Internal\FoldersProcessor.cs:20 
  at Doozy.Editor.Internal.FoldersProcessor..cctor () [0x00001] in C:\Users\csviv\Desktop\unity\Heimat Festival\Assets\Doozy\Editor\Internal\FoldersProcessor.cs:15 
UnityEngine.StackTraceUtility:ExtractStackTrace ()
UnityEngine.DebugLogHandler:LogFormat (UnityEngine.LogType,UnityEngine.Object,string,object[])
UnityEngine.Logger:Log (UnityEngine.LogType,object)
UnityEngine.Debug:LogError (object)
UnityEditor.EditorAssemblies:ProcessInitializeOnLoadAttributes (System.Type[])

Mono: successfully reloaded assembly
- Completed reload, in  5.853 seconds
Domain Reload Profiling:
	ReloadAssembly (5854ms)
		BeginReloadAssembly (429ms)
			ExecutionOrderSort (0ms)
			DisableScriptedObjects (31ms)
			BackupInstance (0ms)
			ReleaseScriptingObjects (0ms)
			CreateAndSetChildDomain (156ms)
		EndReloadAssembly (5195ms)
			LoadAssemblies (379ms)
			RebuildTransferFunctionScriptingTraits (0ms)
			SetupTypeCache (1598ms)
			ReleaseScriptCaches (6ms)
			RebuildScriptCaches (309ms)
			SetupLoadedEditorAssemblies (2155ms)
				LogAssemblyErrors (0ms)
				InitializePlatformSupportModulesInManaged (19ms)
				SetLoadedEditorAssemblies (3ms)
				RefreshPlugins (6ms)
				BeforeProcessingInitializeOnLoad (500ms)
				ProcessInitializeOnLoadAttributes (1192ms)
				ProcessInitializeOnLoadMethodAttributes (415ms)
				AfterProcessingInitializeOnLoad (19ms)
				EditorAssembliesLoaded (1ms)
			ExecutionOrderSort2 (0ms)
			AwakeInstancesAfterBackupRestoration (121ms)
Platform modules already initialized, skipping
Switching build target platform(19) subTarget(0) extendedPlatform(0) -> platform(13) subTarget(537395200) extendedPlatform(0)
Refreshing native plugins compatible for Editor in 5.05 ms, found 5 plugins.
Preloading 0 native plugins for Editor in 0.00 ms.
Unloading 6511 Unused Serialized files (Serialized files now loaded: 0)
System memory in use before: 269.2 MB.
System memory in use after: 269.6 MB.

Unloading 159 unused Assets to reduce memory usage. Loaded Objects now: 7058.
Total: 12.918800 ms (FindLiveObjects: 0.926400 ms CreateObjectMapping: 0.593700 ms MarkObjects: 10.880300 ms  DeleteObjects: 0.515600 ms)

AssetImportParameters requested are different than current active one (requested -> active):
  custom:framework-win-MediaFoundation: 216162199b28c13a410421893ffa2e32 -> 
  custom:video-decoder-ogg-theora: a1e56fd34408186e4bbccfd4996cb3dc -> 
  custom:container-muxer-webm: aa71ff27fc2769a1b78a27578f13a17b -> 
  custom:container-demuxer-webm: 4f35f7cbe854078d1ac9338744f61a02 -> 
  custom:container-demuxer-ogg: 62fdf1f143b41e24485cea50d1cbac27 -> 
  custom:video-encoder-webm-vp8: eb34c28f22e8b96e1ab97ce403110664 -> 
  custom:video-decoder-webm-vp8: 9c59270c3fd7afecdb556c50c9e8de78 -> 
  custom:graphics/normal-map-encoding: 01000000000000000000000000000000 -> 02000000000000000000000000000000
  custom:audio-decoder-ogg-vorbis: bf7c407c2cedff20999df2af8eb42d56 -> 
  custom:audio-encoder-webm-vorbis: bf7c407c2cedff20999df2af8eb42d56 -> 
