Using pre-set license
Built from '2020.3/staging' branch; Version is '2020.3.26f1 (7298b473bc1a) revision 7510196'; Using compiler version '192528614'; Build Type 'Release'
OS: 'Windows 10  (10.0.19042) 64bit Core' Language: 'en' Physical Memory: 15970 MB
BatchMode: 1, IsHumanControllingUs: 0, StartBugReporterOnCrash: 0, Is64bit: 1, IsPro: 0

COMMAND LINE ARGUMENTS:
C:\Program Files\Unity\Hub\Editor\2019.4.22f1\Editor\2020.3.26f1\Editor\Unity.exe
-adb2
-batchMode
-noUpm
-name
AssetImportWorker4
-projectPath
C:/Users/csviv/Desktop/unity/Heimat Festival
-logFile
Logs/AssetImportWorker4.log
-srvPort
60065
Successfully changed project path to: C:/Users/csviv/Desktop/unity/Heimat Festival
C:/Users/csviv/Desktop/unity/Heimat Festival
Using Asset Import Pipeline V2.
Refreshing native plugins compatible for Editor in 726.53 ms, found 5 plugins.
Preloading 0 native plugins for Editor in 0.00 ms.
Initialize engine version: 2020.3.26f1 (7298b473bc1a)
[Subsystems] Discovering subsystems at path C:/Program Files/Unity/Hub/Editor/2019.4.22f1/Editor/2020.3.26f1/Editor/Data/Resources/UnitySubsystems
[Subsystems] Discovering subsystems at path C:/Users/csviv/Desktop/unity/Heimat Festival/Assets
GfxDevice: creating device client; threaded=0
Direct3D:
    Version:  Direct3D 11.0 [level 11.1]
    Renderer: Intel(R) Iris(R) Plus Graphics (ID=0x8a52)
    Vendor:   
    VRAM:     7985 MB
    Driver:   27.20.100.9621
Initialize mono
Mono path[0] = 'C:/Program Files/Unity/Hub/Editor/2019.4.22f1/Editor/2020.3.26f1/Editor/Data/Managed'
Mono path[1] = 'C:/Program Files/Unity/Hub/Editor/2019.4.22f1/Editor/2020.3.26f1/Editor/Data/MonoBleedingEdge/lib/mono/unityjit'
Mono config path = 'C:/Program Files/Unity/Hub/Editor/2019.4.22f1/Editor/2020.3.26f1/Editor/Data/MonoBleedingEdge/etc'
Using monoOptions --debugger-agent=transport=dt_socket,embedding=1,server=y,suspend=n,address=127.0.0.1:56096
Begin MonoManager ReloadAssembly
Registering precompiled unity dll's ...
Register platform support module: C:/Program Files/Unity/Hub/Editor/2019.4.22f1/Editor/2020.3.26f1/Editor/Data/PlaybackEngines/WebGLSupport/UnityEditor.WebGL.Extensions.dll
Register platform support module: C:/Program Files/Unity/Hub/Editor/2019.4.22f1/Editor/2020.3.26f1/Editor/Data/PlaybackEngines/WindowsStandaloneSupport/UnityEditor.WindowsStandalone.Extensions.dll
Registered in 0.010228 seconds.
Native extension for WindowsStandalone target not found
Native extension for WebGL target not found
Refreshing native plugins compatible for Editor in 631.32 ms, found 5 plugins.
Preloading 0 native plugins for Editor in 0.00 ms.
Mono: successfully reloaded assembly
- Completed reload, in  2.617 seconds
Domain Reload Profiling:
	ReloadAssembly (2618ms)
		BeginReloadAssembly (157ms)
			ExecutionOrderSort (0ms)
			DisableScriptedObjects (0ms)
			BackupInstance (0ms)
			ReleaseScriptingObjects (0ms)
			CreateAndSetChildDomain (2ms)
		EndReloadAssembly (2141ms)
			LoadAssemblies (156ms)
			RebuildTransferFunctionScriptingTraits (0ms)
			SetupTypeCache (524ms)
			ReleaseScriptCaches (0ms)
			RebuildScriptCaches (124ms)
			SetupLoadedEditorAssemblies (1184ms)
				LogAssemblyErrors (0ms)
				InitializePlatformSupportModulesInManaged (18ms)
				SetLoadedEditorAssemblies (1ms)
				RefreshPlugins (632ms)
				BeforeProcessingInitializeOnLoad (62ms)
				ProcessInitializeOnLoadAttributes (347ms)
				ProcessInitializeOnLoadMethodAttributes (124ms)
				AfterProcessingInitializeOnLoad (0ms)
				EditorAssembliesLoaded (1ms)
			ExecutionOrderSort2 (0ms)
			AwakeInstancesAfterBackupRestoration (0ms)
Platform modules already initialized, skipping
Registering precompiled user dll's ...
Registered in 0.039279 seconds.
Begin MonoManager ReloadAssembly
Native extension for WindowsStandalone target not found
Native extension for WebGL target not found
Refreshing native plugins compatible for Editor in 663.75 ms, found 5 plugins.
Preloading 0 native plugins for Editor in 0.00 ms.
Mono: successfully reloaded assembly
- Completed reload, in  7.228 seconds
Domain Reload Profiling:
	ReloadAssembly (7230ms)
		BeginReloadAssembly (522ms)
			ExecutionOrderSort (0ms)
			DisableScriptedObjects (23ms)
			BackupInstance (0ms)
			ReleaseScriptingObjects (1ms)
			CreateAndSetChildDomain (56ms)
		EndReloadAssembly (6420ms)
			LoadAssemblies (397ms)
			RebuildTransferFunctionScriptingTraits (0ms)
			SetupTypeCache (1784ms)
			ReleaseScriptCaches (4ms)
			RebuildScriptCaches (515ms)
			SetupLoadedEditorAssemblies (3142ms)
				LogAssemblyErrors (0ms)
				InitializePlatformSupportModulesInManaged (21ms)
				SetLoadedEditorAssemblies (1ms)
				RefreshPlugins (664ms)
				BeforeProcessingInitializeOnLoad (563ms)
				ProcessInitializeOnLoadAttributes (1359ms)
				ProcessInitializeOnLoadMethodAttributes (506ms)
				AfterProcessingInitializeOnLoad (27ms)
				EditorAssembliesLoaded (2ms)
			ExecutionOrderSort2 (0ms)
			AwakeInstancesAfterBackupRestoration (28ms)
Platform modules already initialized, skipping
========================================================================
Worker process is ready to serve import requests
Launched and connected shader compiler UnityShaderCompiler.exe after 0.14 seconds
Refreshing native plugins compatible for Editor in 4.39 ms, found 5 plugins.
Preloading 0 native plugins for Editor in 0.00 ms.
Unloading 6273 Unused Serialized files (Serialized files now loaded: 0)
System memory in use before: 249.0 MB.
System memory in use after: 249.4 MB.

Unloading 179 unused Assets to reduce memory usage. Loaded Objects now: 6648.
Total: 12.919500 ms (FindLiveObjects: 0.939200 ms CreateObjectMapping: 0.801400 ms MarkObjects: 10.497900 ms  DeleteObjects: 0.676900 ms)

AssetImportParameters requested are different than current active one (requested -> active):
  custom:framework-win-MediaFoundation: 216162199b28c13a410421893ffa2e32 -> 
  custom:video-decoder-ogg-theora: a1e56fd34408186e4bbccfd4996cb3dc -> 
  custom:container-muxer-webm: aa71ff27fc2769a1b78a27578f13a17b -> 
  custom:container-demuxer-webm: 4f35f7cbe854078d1ac9338744f61a02 -> 
  custom:container-demuxer-ogg: 62fdf1f143b41e24485cea50d1cbac27 -> 
  custom:video-encoder-webm-vp8: eb34c28f22e8b96e1ab97ce403110664 -> 
  custom:video-decoder-webm-vp8: 9c59270c3fd7afecdb556c50c9e8de78 -> 
  custom:audio-decoder-ogg-vorbis: bf7c407c2cedff20999df2af8eb42d56 -> 
  custom:audio-encoder-webm-vorbis: bf7c407c2cedff20999df2af8eb42d56 -> 
========================================================================
Received Import Request.
  path: Assets/Scenes/SampleScene.unity
  artifactKey: Guid(9fc0d4010bbf28b4594072e72b8655ab) Importer(815301076,1909f56bfc062723c751e8b465ee728b)
Start importing Assets/Scenes/SampleScene.unity using Guid(9fc0d4010bbf28b4594072e72b8655ab) Importer(815301076,1909f56bfc062723c751e8b465ee728b)  -> (artifact id: 'af945bc89c004a0531308f3053905f93') in 0.085149 seconds 
  Import took 0.118949 seconds .

========================================================================
Received Import Request.
  Time since last request: 182.672589 seconds.
  path: Assets/Prefabs/settingPanel.prefab
  artifactKey: Guid(b9b683e2a50916847aa703bb8646bd58) Importer(815301076,1909f56bfc062723c751e8b465ee728b)
Start importing Assets/Prefabs/settingPanel.prefab using Guid(b9b683e2a50916847aa703bb8646bd58) Importer(815301076,1909f56bfc062723c751e8b465ee728b)  -> (artifact id: 'e262e6f23acb47d760b6892c459f9976') in 0.230287 seconds 
  Import took 0.257546 seconds .

========================================================================
Received Import Request.
  Time since last request: 304.293434 seconds.
  path: Assets/Scenes/settingPanel.prefab
  artifactKey: Guid(a8179a6661002f14ab1edaa1296a1217) Importer(815301076,1909f56bfc062723c751e8b465ee728b)
Start importing Assets/Scenes/settingPanel.prefab using Guid(a8179a6661002f14ab1edaa1296a1217) Importer(815301076,1909f56bfc062723c751e8b465ee728b)  -> (artifact id: '2e5776a6c6cadbf945b6f0975413353c') in 0.044721 seconds 
  Import took 0.077848 seconds .

========================================================================
Received Prepare
Registering precompiled user dll's ...
Registered in 1.697614 seconds.
Begin MonoManager ReloadAssembly
Native extension for WindowsStandalone target not found
Native extension for WebGL target not found
Refreshing native plugins compatible for Editor in 4.73 ms, found 5 plugins.
Preloading 0 native plugins for Editor in 0.00 ms.
System.TypeInitializationException: The type initializer for 'Doozy.Engine.Utils.DoozyPath' threw an exception. ---> System.ArgumentException: The specified path is not of a legal form (empty).
  at System.IO.Path.InsecureGetFullPath (System.String path) [0x00025] in <695d1cc93cca45069c528c15c9fdd749>:0 
  at System.IO.Path.GetFullPathInternal (System.String path) [0x00000] in <695d1cc93cca45069c528c15c9fdd749>:0 
  at System.IO.FileInfo.Init (System.String fileName, System.Boolean checkHost) [0x00007] in <695d1cc93cca45069c528c15c9fdd749>:0 
  at System.IO.FileInfo..ctor (System.String fileName) [0x00014] in <695d1cc93cca45069c528c15c9fdd749>:0 
  at (wrapper remoting-invoke-with-check) System.IO.FileInfo..ctor(string)
  at Doozy.Engine.Utils.DoozyPath.get_BasePath () [0x0003b] in C:\Users\csviv\Desktop\unity\Heimat Festival\Assets\Doozy\Engine\Utils\DoozyPath.cs:158 
  at Doozy.Engine.Utils.DoozyPath..cctor () [0x00000] in C:\Users\csviv\Desktop\unity\Heimat Festival\Assets\Doozy\Engine\Utils\DoozyPath.cs:62 
   --- End of inner exception stack trace ---
  at Doozy.Editor.Internal.ProcessorsSettings.get_Instance () [0x00018] in C:\Users\csviv\Desktop\unity\Heimat Festival\Assets\Doozy\Editor\Internal\ProcessorsSettings.cs:23 
  at Doozy.Editor.Internal.DoozyAssetsProcessor.ExecuteProcessor () [0x0003f] in C:\Users\csviv\Desktop\unity\Heimat Festival\Assets\Doozy\Editor\Internal\DoozyAssetsProcessor.cs:44 
  at Doozy.Editor.Internal.DoozyAssetsProcessor..cctor () [0x00001] in C:\Users\csviv\Desktop\unity\Heimat Festival\Assets\Doozy\Editor\Internal\DoozyAssetsProcessor.cs:25 
UnityEngine.StackTraceUtility:ExtractStackTrace ()
UnityEngine.DebugLogHandler:LogFormat (UnityEngine.LogType,UnityEngine.Object,string,object[])
UnityEngine.Logger:Log (UnityEngine.LogType,object)
UnityEngine.Debug:LogError (object)
UnityEditor.EditorAssemblies:ProcessInitializeOnLoadAttributes (System.Type[])

System.TypeInitializationException: The type initializer for 'Doozy.Engine.Utils.DoozyPath' threw an exception. ---> System.ArgumentException: The specified path is not of a legal form (empty).
  at System.IO.Path.InsecureGetFullPath (System.String path) [0x00025] in <695d1cc93cca45069c528c15c9fdd749>:0 
  at System.IO.Path.GetFullPathInternal (System.String path) [0x00000] in <695d1cc93cca45069c528c15c9fdd749>:0 
  at System.IO.FileInfo.Init (System.String fileName, System.Boolean checkHost) [0x00007] in <695d1cc93cca45069c528c15c9fdd749>:0 
  at System.IO.FileInfo..ctor (System.String fileName) [0x00014] in <695d1cc93cca45069c528c15c9fdd749>:0 
  at (wrapper remoting-invoke-with-check) System.IO.FileInfo..ctor(string)
  at Doozy.Engine.Utils.DoozyPath.get_BasePath () [0x0003b] in C:\Users\csviv\Desktop\unity\Heimat Festival\Assets\Doozy\Engine\Utils\DoozyPath.cs:158 
  at Doozy.Engine.Utils.DoozyPath..cctor () [0x00000] in C:\Users\csviv\Desktop\unity\Heimat Festival\Assets\Doozy\Engine\Utils\DoozyPath.cs:62 
   --- End of inner exception stack trace ---
  at Doozy.Editor.Internal.ProcessorsSettings.get_Instance () [0x00018] in C:\Users\csviv\Desktop\unity\Heimat Festival\Assets\Doozy\Editor\Internal\ProcessorsSettings.cs:23 
  at Doozy.Editor.Internal.FoldersProcessor.ExecuteProcessor () [0x0000c] in C:\Users\csviv\Desktop\unity\Heimat Festival\Assets\Doozy\Editor\Internal\FoldersProcessor.cs:20 
  at Doozy.Editor.Internal.FoldersProcessor..cctor () [0x00001] in C:\Users\csviv\Desktop\unity\Heimat Festival\Assets\Doozy\Editor\Internal\FoldersProcessor.cs:15 
UnityEngine.StackTraceUtility:ExtractStackTrace ()
UnityEngine.DebugLogHandler:LogFormat (UnityEngine.LogType,UnityEngine.Object,string,object[])
UnityEngine.Logger:Log (UnityEngine.LogType,object)
UnityEngine.Debug:LogError (object)
UnityEditor.EditorAssemblies:ProcessInitializeOnLoadAttributes (System.Type[])

Mono: successfully reloaded assembly
- Completed reload, in  6.205 seconds
Domain Reload Profiling:
	ReloadAssembly (6209ms)
		BeginReloadAssembly (497ms)
			ExecutionOrderSort (0ms)
			DisableScriptedObjects (30ms)
			BackupInstance (0ms)
			ReleaseScriptingObjects (1ms)
			CreateAndSetChildDomain (168ms)
		EndReloadAssembly (5489ms)
			LoadAssemblies (430ms)
			RebuildTransferFunctionScriptingTraits (0ms)
			SetupTypeCache (1803ms)
			ReleaseScriptCaches (5ms)
			RebuildScriptCaches (392ms)
			SetupLoadedEditorAssemblies (2225ms)
				LogAssemblyErrors (0ms)
				InitializePlatformSupportModulesInManaged (21ms)
				SetLoadedEditorAssemblies (1ms)
				RefreshPlugins (5ms)
				BeforeProcessingInitializeOnLoad (575ms)
				ProcessInitializeOnLoadAttributes (1153ms)
				ProcessInitializeOnLoadMethodAttributes (447ms)
				AfterProcessingInitializeOnLoad (21ms)
				EditorAssembliesLoaded (2ms)
			ExecutionOrderSort2 (0ms)
			AwakeInstancesAfterBackupRestoration (113ms)
Platform modules already initialized, skipping
Refreshing native plugins compatible for Editor in 4.66 ms, found 5 plugins.
Preloading 0 native plugins for Editor in 0.00 ms.
Unloading 6119 Unused Serialized files (Serialized files now loaded: 0)
System memory in use before: 242.6 MB.
System memory in use after: 243.0 MB.

Unloading 161 unused Assets to reduce memory usage. Loaded Objects now: 6651.
Total: 11.957800 ms (FindLiveObjects: 0.633100 ms CreateObjectMapping: 0.664300 ms MarkObjects: 10.111900 ms  DeleteObjects: 0.545400 ms)

AssetImportParameters requested are different than current active one (requested -> active):
  custom:framework-win-MediaFoundation: 216162199b28c13a410421893ffa2e32 -> 
  custom:video-decoder-ogg-theora: a1e56fd34408186e4bbccfd4996cb3dc -> 
  custom:container-muxer-webm: aa71ff27fc2769a1b78a27578f13a17b -> 
  custom:container-demuxer-webm: 4f35f7cbe854078d1ac9338744f61a02 -> 
  custom:container-demuxer-ogg: 62fdf1f143b41e24485cea50d1cbac27 -> 
  custom:video-encoder-webm-vp8: eb34c28f22e8b96e1ab97ce403110664 -> 
  custom:video-decoder-webm-vp8: 9c59270c3fd7afecdb556c50c9e8de78 -> 
  custom:audio-decoder-ogg-vorbis: bf7c407c2cedff20999df2af8eb42d56 -> 
  custom:audio-encoder-webm-vorbis: bf7c407c2cedff20999df2af8eb42d56 -> 
========================================================================
Received Prepare
Registering precompiled user dll's ...
Registered in 0.034505 seconds.
Begin MonoManager ReloadAssembly
Native extension for WindowsStandalone target not found
Native extension for WebGL target not found
Refreshing native plugins compatible for Editor in 2.60 ms, found 5 plugins.
Preloading 0 native plugins for Editor in 0.00 ms.
System.TypeInitializationException: The type initializer for 'Doozy.Engine.Utils.DoozyPath' threw an exception. ---> System.ArgumentException: The specified path is not of a legal form (empty).
  at System.IO.Path.InsecureGetFullPath (System.String path) [0x00025] in <695d1cc93cca45069c528c15c9fdd749>:0 
  at System.IO.Path.GetFullPathInternal (System.String path) [0x00000] in <695d1cc93cca45069c528c15c9fdd749>:0 
  at System.IO.FileInfo.Init (System.String fileName, System.Boolean checkHost) [0x00007] in <695d1cc93cca45069c528c15c9fdd749>:0 
  at System.IO.FileInfo..ctor (System.String fileName) [0x00014] in <695d1cc93cca45069c528c15c9fdd749>:0 
  at (wrapper remoting-invoke-with-check) System.IO.FileInfo..ctor(string)
  at Doozy.Engine.Utils.DoozyPath.get_BasePath () [0x0003b] in C:\Users\csviv\Desktop\unity\Heimat Festival\Assets\Doozy\Engine\Utils\DoozyPath.cs:158 
  at Doozy.Engine.Utils.DoozyPath..cctor () [0x00000] in C:\Users\csviv\Desktop\unity\Heimat Festival\Assets\Doozy\Engine\Utils\DoozyPath.cs:62 
   --- End of inner exception stack trace ---
  at Doozy.Editor.Internal.ProcessorsSettings.get_Instance () [0x00018] in C:\Users\csviv\Desktop\unity\Heimat Festival\Assets\Doozy\Editor\Internal\ProcessorsSettings.cs:23 
  at Doozy.Editor.Internal.DoozyAssetsProcessor.ExecuteProcessor () [0x0003f] in C:\Users\csviv\Desktop\unity\Heimat Festival\Assets\Doozy\Editor\Internal\DoozyAssetsProcessor.cs:44 
  at Doozy.Editor.Internal.DoozyAssetsProcessor..cctor () [0x00001] in C:\Users\csviv\Desktop\unity\Heimat Festival\Assets\Doozy\Editor\Internal\DoozyAssetsProcessor.cs:25 
UnityEngine.StackTraceUtility:ExtractStackTrace ()
UnityEngine.DebugLogHandler:LogFormat (UnityEngine.LogType,UnityEngine.Object,string,object[])
UnityEngine.Logger:Log (UnityEngine.LogType,object)
UnityEngine.Debug:LogError (object)
UnityEditor.EditorAssemblies:ProcessInitializeOnLoadAttributes (System.Type[])

System.TypeInitializationException: The type initializer for 'Doozy.Engine.Utils.DoozyPath' threw an exception. ---> System.ArgumentException: The specified path is not of a legal form (empty).
  at System.IO.Path.InsecureGetFullPath (System.String path) [0x00025] in <695d1cc93cca45069c528c15c9fdd749>:0 
  at System.IO.Path.GetFullPathInternal (System.String path) [0x00000] in <695d1cc93cca45069c528c15c9fdd749>:0 
  at System.IO.FileInfo.Init (System.String fileName, System.Boolean checkHost) [0x00007] in <695d1cc93cca45069c528c15c9fdd749>:0 
  at System.IO.FileInfo..ctor (System.String fileName) [0x00014] in <695d1cc93cca45069c528c15c9fdd749>:0 
  at (wrapper remoting-invoke-with-check) System.IO.FileInfo..ctor(string)
  at Doozy.Engine.Utils.DoozyPath.get_BasePath () [0x0003b] in C:\Users\csviv\Desktop\unity\Heimat Festival\Assets\Doozy\Engine\Utils\DoozyPath.cs:158 
  at Doozy.Engine.Utils.DoozyPath..cctor () [0x00000] in C:\Users\csviv\Desktop\unity\Heimat Festival\Assets\Doozy\Engine\Utils\DoozyPath.cs:62 
   --- End of inner exception stack trace ---
  at Doozy.Editor.Internal.ProcessorsSettings.get_Instance () [0x00018] in C:\Users\csviv\Desktop\unity\Heimat Festival\Assets\Doozy\Editor\Internal\ProcessorsSettings.cs:23 
  at Doozy.Editor.Internal.FoldersProcessor.ExecuteProcessor () [0x0000c] in C:\Users\csviv\Desktop\unity\Heimat Festival\Assets\Doozy\Editor\Internal\FoldersProcessor.cs:20 
  at Doozy.Editor.Internal.FoldersProcessor..cctor () [0x00001] in C:\Users\csviv\Desktop\unity\Heimat Festival\Assets\Doozy\Editor\Internal\FoldersProcessor.cs:15 
UnityEngine.StackTraceUtility:ExtractStackTrace ()
UnityEngine.DebugLogHandler:LogFormat (UnityEngine.LogType,UnityEngine.Object,string,object[])
UnityEngine.Logger:Log (UnityEngine.LogType,object)
UnityEngine.Debug:LogError (object)
UnityEditor.EditorAssemblies:ProcessInitializeOnLoadAttributes (System.Type[])

Mono: successfully reloaded assembly
- Completed reload, in  5.318 seconds
Domain Reload Profiling:
	ReloadAssembly (5319ms)
		BeginReloadAssembly (242ms)
			ExecutionOrderSort (0ms)
			DisableScriptedObjects (11ms)
			BackupInstance (0ms)
			ReleaseScriptingObjects (0ms)
			CreateAndSetChildDomain (80ms)
		EndReloadAssembly (4957ms)
			LoadAssemblies (224ms)
			RebuildTransferFunctionScriptingTraits (0ms)
			SetupTypeCache (2930ms)
			ReleaseScriptCaches (3ms)
			RebuildScriptCaches (185ms)
			SetupLoadedEditorAssemblies (1221ms)
				LogAssemblyErrors (0ms)
				InitializePlatformSupportModulesInManaged (8ms)
				SetLoadedEditorAssemblies (1ms)
				RefreshPlugins (3ms)
				BeforeProcessingInitializeOnLoad (364ms)
				ProcessInitializeOnLoadAttributes (608ms)
				ProcessInitializeOnLoadMethodAttributes (227ms)
				AfterProcessingInitializeOnLoad (10ms)
				EditorAssembliesLoaded (0ms)
			ExecutionOrderSort2 (0ms)
			AwakeInstancesAfterBackupRestoration (87ms)
Platform modules already initialized, skipping
Refreshing native plugins compatible for Editor in 3.36 ms, found 5 plugins.
Preloading 0 native plugins for Editor in 0.00 ms.
Unloading 6120 Unused Serialized files (Serialized files now loaded: 0)
System memory in use before: 242.7 MB.
System memory in use after: 243.1 MB.

Unloading 159 unused Assets to reduce memory usage. Loaded Objects now: 6654.
Total: 12.646200 ms (FindLiveObjects: 1.028100 ms CreateObjectMapping: 1.016100 ms MarkObjects: 9.974900 ms  DeleteObjects: 0.623800 ms)

AssetImportParameters requested are different than current active one (requested -> active):
  custom:framework-win-MediaFoundation: 216162199b28c13a410421893ffa2e32 -> 
  custom:video-decoder-ogg-theora: a1e56fd34408186e4bbccfd4996cb3dc -> 
  custom:container-muxer-webm: aa71ff27fc2769a1b78a27578f13a17b -> 
  custom:container-demuxer-webm: 4f35f7cbe854078d1ac9338744f61a02 -> 
  custom:container-demuxer-ogg: 62fdf1f143b41e24485cea50d1cbac27 -> 
  custom:video-encoder-webm-vp8: eb34c28f22e8b96e1ab97ce403110664 -> 
  custom:video-decoder-webm-vp8: 9c59270c3fd7afecdb556c50c9e8de78 -> 
  custom:audio-decoder-ogg-vorbis: bf7c407c2cedff20999df2af8eb42d56 -> 
  custom:audio-encoder-webm-vorbis: bf7c407c2cedff20999df2af8eb42d56 -> 
========================================================================
Received Prepare
Registering precompiled user dll's ...
Registered in 0.038008 seconds.
Begin MonoManager ReloadAssembly
Native extension for WindowsStandalone target not found
Native extension for WebGL target not found
Refreshing native plugins compatible for Editor in 6.68 ms, found 5 plugins.
Preloading 0 native plugins for Editor in 0.00 ms.
System.TypeInitializationException: The type initializer for 'Doozy.Engine.Utils.DoozyPath' threw an exception. ---> System.ArgumentException: The specified path is not of a legal form (empty).
  at System.IO.Path.InsecureGetFullPath (System.String path) [0x00025] in <695d1cc93cca45069c528c15c9fdd749>:0 
  at System.IO.Path.GetFullPathInternal (System.String path) [0x00000] in <695d1cc93cca45069c528c15c9fdd749>:0 
  at System.IO.FileInfo.Init (System.String fileName, System.Boolean checkHost) [0x00007] in <695d1cc93cca45069c528c15c9fdd749>:0 
  at System.IO.FileInfo..ctor (System.String fileName) [0x00014] in <695d1cc93cca45069c528c15c9fdd749>:0 
  at (wrapper remoting-invoke-with-check) System.IO.FileInfo..ctor(string)
  at Doozy.Engine.Utils.DoozyPath.get_BasePath () [0x0003b] in C:\Users\csviv\Desktop\unity\Heimat Festival\Assets\Doozy\Engine\Utils\DoozyPath.cs:158 
  at Doozy.Engine.Utils.DoozyPath..cctor () [0x00000] in C:\Users\csviv\Desktop\unity\Heimat Festival\Assets\Doozy\Engine\Utils\DoozyPath.cs:62 
   --- End of inner exception stack trace ---
  at Doozy.Editor.Internal.ProcessorsSettings.get_Instance () [0x00018] in C:\Users\csviv\Desktop\unity\Heimat Festival\Assets\Doozy\Editor\Internal\ProcessorsSettings.cs:23 
  at Doozy.Editor.Internal.DoozyAssetsProcessor.ExecuteProcessor () [0x0003f] in C:\Users\csviv\Desktop\unity\Heimat Festival\Assets\Doozy\Editor\Internal\DoozyAssetsProcessor.cs:44 
  at Doozy.Editor.Internal.DoozyAssetsProcessor..cctor () [0x00001] in C:\Users\csviv\Desktop\unity\Heimat Festival\Assets\Doozy\Editor\Internal\DoozyAssetsProcessor.cs:25 
UnityEngine.StackTraceUtility:ExtractStackTrace ()
UnityEngine.DebugLogHandler:LogFormat (UnityEngine.LogType,UnityEngine.Object,string,object[])
UnityEngine.Logger:Log (UnityEngine.LogType,object)
UnityEngine.Debug:LogError (object)
UnityEditor.EditorAssemblies:ProcessInitializeOnLoadAttributes (System.Type[])

System.TypeInitializationException: The type initializer for 'Doozy.Engine.Utils.DoozyPath' threw an exception. ---> System.ArgumentException: The specified path is not of a legal form (empty).
  at System.IO.Path.InsecureGetFullPath (System.String path) [0x00025] in <695d1cc93cca45069c528c15c9fdd749>:0 
  at System.IO.Path.GetFullPathInternal (System.String path) [0x00000] in <695d1cc93cca45069c528c15c9fdd749>:0 
  at System.IO.FileInfo.Init (System.String fileName, System.Boolean checkHost) [0x00007] in <695d1cc93cca45069c528c15c9fdd749>:0 
  at System.IO.FileInfo..ctor (System.String fileName) [0x00014] in <695d1cc93cca45069c528c15c9fdd749>:0 
  at (wrapper remoting-invoke-with-check) System.IO.FileInfo..ctor(string)
  at Doozy.Engine.Utils.DoozyPath.get_BasePath () [0x0003b] in C:\Users\csviv\Desktop\unity\Heimat Festival\Assets\Doozy\Engine\Utils\DoozyPath.cs:158 
  at Doozy.Engine.Utils.DoozyPath..cctor () [0x00000] in C:\Users\csviv\Desktop\unity\Heimat Festival\Assets\Doozy\Engine\Utils\DoozyPath.cs:62 
   --- End of inner exception stack trace ---
  at Doozy.Editor.Internal.ProcessorsSettings.get_Instance () [0x00018] in C:\Users\csviv\Desktop\unity\Heimat Festival\Assets\Doozy\Editor\Internal\ProcessorsSettings.cs:23 
  at Doozy.Editor.Internal.FoldersProcessor.ExecuteProcessor () [0x0000c] in C:\Users\csviv\Desktop\unity\Heimat Festival\Assets\Doozy\Editor\Internal\FoldersProcessor.cs:20 
  at Doozy.Editor.Internal.FoldersProcessor..cctor () [0x00001] in C:\Users\csviv\Desktop\unity\Heimat Festival\Assets\Doozy\Editor\Internal\FoldersProcessor.cs:15 
UnityEngine.StackTraceUtility:ExtractStackTrace ()
UnityEngine.DebugLogHandler:LogFormat (UnityEngine.LogType,UnityEngine.Object,string,object[])
UnityEngine.Logger:Log (UnityEngine.LogType,object)
UnityEngine.Debug:LogError (object)
UnityEditor.EditorAssemblies:ProcessInitializeOnLoadAttributes (System.Type[])

Mono: successfully reloaded assembly
- Completed reload, in  5.781 seconds
Domain Reload Profiling:
	ReloadAssembly (5782ms)
		BeginReloadAssembly (430ms)
			ExecutionOrderSort (0ms)
			DisableScriptedObjects (26ms)
			BackupInstance (0ms)
			ReleaseScriptingObjects (0ms)
			CreateAndSetChildDomain (161ms)
		EndReloadAssembly (5156ms)
			LoadAssemblies (416ms)
			RebuildTransferFunctionScriptingTraits (0ms)
			SetupTypeCache (1707ms)
			ReleaseScriptCaches (6ms)
			RebuildScriptCaches (332ms)
			SetupLoadedEditorAssemblies (2054ms)
				LogAssemblyErrors (0ms)
				InitializePlatformSupportModulesInManaged (22ms)
				SetLoadedEditorAssemblies (3ms)
				RefreshPlugins (7ms)
				BeforeProcessingInitializeOnLoad (421ms)
				ProcessInitializeOnLoadAttributes (1131ms)
				ProcessInitializeOnLoadMethodAttributes (444ms)
				AfterProcessingInitializeOnLoad (25ms)
				EditorAssembliesLoaded (1ms)
			ExecutionOrderSort2 (0ms)
			AwakeInstancesAfterBackupRestoration (137ms)
Platform modules already initialized, skipping
Refreshing native plugins compatible for Editor in 6.55 ms, found 5 plugins.
Preloading 0 native plugins for Editor in 0.00 ms.
Unloading 6120 Unused Serialized files (Serialized files now loaded: 0)
System memory in use before: 242.8 MB.
System memory in use after: 243.2 MB.

Unloading 159 unused Assets to reduce memory usage. Loaded Objects now: 6656.
Total: 13.335000 ms (FindLiveObjects: 1.428000 ms CreateObjectMapping: 0.836600 ms MarkObjects: 10.474900 ms  DeleteObjects: 0.592300 ms)

AssetImportParameters requested are different than current active one (requested -> active):
  custom:framework-win-MediaFoundation: 216162199b28c13a410421893ffa2e32 -> 
  custom:video-decoder-ogg-theora: a1e56fd34408186e4bbccfd4996cb3dc -> 
  custom:container-muxer-webm: aa71ff27fc2769a1b78a27578f13a17b -> 
  custom:container-demuxer-webm: 4f35f7cbe854078d1ac9338744f61a02 -> 
  custom:container-demuxer-ogg: 62fdf1f143b41e24485cea50d1cbac27 -> 
  custom:video-encoder-webm-vp8: eb34c28f22e8b96e1ab97ce403110664 -> 
  custom:video-decoder-webm-vp8: 9c59270c3fd7afecdb556c50c9e8de78 -> 
  custom:audio-decoder-ogg-vorbis: bf7c407c2cedff20999df2af8eb42d56 -> 
  custom:audio-encoder-webm-vorbis: bf7c407c2cedff20999df2af8eb42d56 -> 
========================================================================
Received Import Request.
  Time since last request: 320.829934 seconds.
  path: Assets/Prefabs/settingPanel.prefab
  artifactKey: Guid(a8179a6661002f14ab1edaa1296a1217) Importer(815301076,1909f56bfc062723c751e8b465ee728b)
Start importing Assets/Prefabs/settingPanel.prefab using Guid(a8179a6661002f14ab1edaa1296a1217) Importer(815301076,1909f56bfc062723c751e8b465ee728b)  -> (artifact id: '80e84b6220609dece17895743f5a029c') in 0.192807 seconds 
  Import took 0.236704 seconds .

========================================================================
Received Prepare
Registering precompiled user dll's ...
Registered in 0.528586 seconds.
Begin MonoManager ReloadAssembly
Native extension for WindowsStandalone target not found
Native extension for WebGL target not found
Refreshing native plugins compatible for Editor in 2.50 ms, found 5 plugins.
Preloading 0 native plugins for Editor in 0.00 ms.
System.TypeInitializationException: The type initializer for 'Doozy.Engine.Utils.DoozyPath' threw an exception. ---> System.ArgumentException: The specified path is not of a legal form (empty).
  at System.IO.Path.InsecureGetFullPath (System.String path) [0x00025] in <695d1cc93cca45069c528c15c9fdd749>:0 
  at System.IO.Path.GetFullPathInternal (System.String path) [0x00000] in <695d1cc93cca45069c528c15c9fdd749>:0 
  at System.IO.FileInfo.Init (System.String fileName, System.Boolean checkHost) [0x00007] in <695d1cc93cca45069c528c15c9fdd749>:0 
  at System.IO.FileInfo..ctor (System.String fileName) [0x00014] in <695d1cc93cca45069c528c15c9fdd749>:0 
  at (wrapper remoting-invoke-with-check) System.IO.FileInfo..ctor(string)
  at Doozy.Engine.Utils.DoozyPath.get_BasePath () [0x0003b] in C:\Users\csviv\Desktop\unity\Heimat Festival\Assets\Doozy\Engine\Utils\DoozyPath.cs:158 
  at Doozy.Engine.Utils.DoozyPath..cctor () [0x00000] in C:\Users\csviv\Desktop\unity\Heimat Festival\Assets\Doozy\Engine\Utils\DoozyPath.cs:62 
   --- End of inner exception stack trace ---
  at Doozy.Editor.Internal.ProcessorsSettings.get_Instance () [0x00018] in C:\Users\csviv\Desktop\unity\Heimat Festival\Assets\Doozy\Editor\Internal\ProcessorsSettings.cs:23 
  at Doozy.Editor.Internal.DoozyAssetsProcessor.ExecuteProcessor () [0x0003f] in C:\Users\csviv\Desktop\unity\Heimat Festival\Assets\Doozy\Editor\Internal\DoozyAssetsProcessor.cs:44 
  at Doozy.Editor.Internal.DoozyAssetsProcessor..cctor () [0x00001] in C:\Users\csviv\Desktop\unity\Heimat Festival\Assets\Doozy\Editor\Internal\DoozyAssetsProcessor.cs:25 
UnityEngine.StackTraceUtility:ExtractStackTrace ()
UnityEngine.DebugLogHandler:LogFormat (UnityEngine.LogType,UnityEngine.Object,string,object[])
UnityEngine.Logger:Log (UnityEngine.LogType,object)
UnityEngine.Debug:LogError (object)
UnityEditor.EditorAssemblies:ProcessInitializeOnLoadAttributes (System.Type[])

System.TypeInitializationException: The type initializer for 'Doozy.Engine.Utils.DoozyPath' threw an exception. ---> System.ArgumentException: The specified path is not of a legal form (empty).
  at System.IO.Path.InsecureGetFullPath (System.String path) [0x00025] in <695d1cc93cca45069c528c15c9fdd749>:0 
  at System.IO.Path.GetFullPathInternal (System.String path) [0x00000] in <695d1cc93cca45069c528c15c9fdd749>:0 
  at System.IO.FileInfo.Init (System.String fileName, System.Boolean checkHost) [0x00007] in <695d1cc93cca45069c528c15c9fdd749>:0 
  at System.IO.FileInfo..ctor (System.String fileName) [0x00014] in <695d1cc93cca45069c528c15c9fdd749>:0 
  at (wrapper remoting-invoke-with-check) System.IO.FileInfo..ctor(string)
  at Doozy.Engine.Utils.DoozyPath.get_BasePath () [0x0003b] in C:\Users\csviv\Desktop\unity\Heimat Festival\Assets\Doozy\Engine\Utils\DoozyPath.cs:158 
  at Doozy.Engine.Utils.DoozyPath..cctor () [0x00000] in C:\Users\csviv\Desktop\unity\Heimat Festival\Assets\Doozy\Engine\Utils\DoozyPath.cs:62 
   --- End of inner exception stack trace ---
  at Doozy.Editor.Internal.ProcessorsSettings.get_Instance () [0x00018] in C:\Users\csviv\Desktop\unity\Heimat Festival\Assets\Doozy\Editor\Internal\ProcessorsSettings.cs:23 
  at Doozy.Editor.Internal.FoldersProcessor.ExecuteProcessor () [0x0000c] in C:\Users\csviv\Desktop\unity\Heimat Festival\Assets\Doozy\Editor\Internal\FoldersProcessor.cs:20 
  at Doozy.Editor.Internal.FoldersProcessor..cctor () [0x00001] in C:\Users\csviv\Desktop\unity\Heimat Festival\Assets\Doozy\Editor\Internal\FoldersProcessor.cs:15 
UnityEngine.StackTraceUtility:ExtractStackTrace ()
UnityEngine.DebugLogHandler:LogFormat (UnityEngine.LogType,UnityEngine.Object,string,object[])
UnityEngine.Logger:Log (UnityEngine.LogType,object)
UnityEngine.Debug:LogError (object)
UnityEditor.EditorAssemblies:ProcessInitializeOnLoadAttributes (System.Type[])

Mono: successfully reloaded assembly
- Completed reload, in  3.865 seconds
Domain Reload Profiling:
	ReloadAssembly (3866ms)
		BeginReloadAssembly (450ms)
			ExecutionOrderSort (0ms)
			DisableScriptedObjects (38ms)
			BackupInstance (0ms)
			ReleaseScriptingObjects (0ms)
			CreateAndSetChildDomain (237ms)
		EndReloadAssembly (3210ms)
			LoadAssemblies (267ms)
			RebuildTransferFunctionScriptingTraits (0ms)
			SetupTypeCache (1076ms)
			ReleaseScriptCaches (5ms)
			RebuildScriptCaches (181ms)
			SetupLoadedEditorAssemblies (1450ms)
				LogAssemblyErrors (0ms)
				InitializePlatformSupportModulesInManaged (7ms)
				SetLoadedEditorAssemblies (0ms)
				RefreshPlugins (3ms)
				BeforeProcessingInitializeOnLoad (324ms)
				ProcessInitializeOnLoadAttributes (801ms)
				ProcessInitializeOnLoadMethodAttributes (309ms)
				AfterProcessingInitializeOnLoad (5ms)
				EditorAssembliesLoaded (0ms)
			ExecutionOrderSort2 (0ms)
			AwakeInstancesAfterBackupRestoration (57ms)
Platform modules already initialized, skipping
Refreshing native plugins compatible for Editor in 2.62 ms, found 5 plugins.
Preloading 0 native plugins for Editor in 0.00 ms.
Unloading 6120 Unused Serialized files (Serialized files now loaded: 0)
System memory in use before: 242.9 MB.
System memory in use after: 243.3 MB.

Unloading 160 unused Assets to reduce memory usage. Loaded Objects now: 6658.
Total: 6.657200 ms (FindLiveObjects: 0.738700 ms CreateObjectMapping: 0.466100 ms MarkObjects: 5.123900 ms  DeleteObjects: 0.326200 ms)

AssetImportParameters requested are different than current active one (requested -> active):
  custom:framework-win-MediaFoundation: 216162199b28c13a410421893ffa2e32 -> 
  custom:video-decoder-ogg-theora: a1e56fd34408186e4bbccfd4996cb3dc -> 
  custom:container-muxer-webm: aa71ff27fc2769a1b78a27578f13a17b -> 
  custom:container-demuxer-webm: 4f35f7cbe854078d1ac9338744f61a02 -> 
  custom:container-demuxer-ogg: 62fdf1f143b41e24485cea50d1cbac27 -> 
  custom:video-encoder-webm-vp8: eb34c28f22e8b96e1ab97ce403110664 -> 
  custom:video-decoder-webm-vp8: 9c59270c3fd7afecdb556c50c9e8de78 -> 
  custom:audio-decoder-ogg-vorbis: bf7c407c2cedff20999df2af8eb42d56 -> 
  custom:audio-encoder-webm-vorbis: bf7c407c2cedff20999df2af8eb42d56 -> 
========================================================================
Received Prepare
Registering precompiled user dll's ...
Registered in 0.017726 seconds.
Begin MonoManager ReloadAssembly
Native extension for WindowsStandalone target not found
Native extension for WebGL target not found
Refreshing native plugins compatible for Editor in 3.18 ms, found 5 plugins.
Preloading 0 native plugins for Editor in 0.00 ms.
System.TypeInitializationException: The type initializer for 'Doozy.Engine.Utils.DoozyPath' threw an exception. ---> System.ArgumentException: The specified path is not of a legal form (empty).
  at System.IO.Path.InsecureGetFullPath (System.String path) [0x00025] in <695d1cc93cca45069c528c15c9fdd749>:0 
  at System.IO.Path.GetFullPathInternal (System.String path) [0x00000] in <695d1cc93cca45069c528c15c9fdd749>:0 
  at System.IO.FileInfo.Init (System.String fileName, System.Boolean checkHost) [0x00007] in <695d1cc93cca45069c528c15c9fdd749>:0 
  at System.IO.FileInfo..ctor (System.String fileName) [0x00014] in <695d1cc93cca45069c528c15c9fdd749>:0 
  at (wrapper remoting-invoke-with-check) System.IO.FileInfo..ctor(string)
  at Doozy.Engine.Utils.DoozyPath.get_BasePath () [0x0003b] in C:\Users\csviv\Desktop\unity\Heimat Festival\Assets\Doozy\Engine\Utils\DoozyPath.cs:158 
  at Doozy.Engine.Utils.DoozyPath..cctor () [0x00000] in C:\Users\csviv\Desktop\unity\Heimat Festival\Assets\Doozy\Engine\Utils\DoozyPath.cs:62 
   --- End of inner exception stack trace ---
  at Doozy.Editor.Internal.ProcessorsSettings.get_Instance () [0x00018] in C:\Users\csviv\Desktop\unity\Heimat Festival\Assets\Doozy\Editor\Internal\ProcessorsSettings.cs:23 
  at Doozy.Editor.Internal.DoozyAssetsProcessor.ExecuteProcessor () [0x0003f] in C:\Users\csviv\Desktop\unity\Heimat Festival\Assets\Doozy\Editor\Internal\DoozyAssetsProcessor.cs:44 
  at Doozy.Editor.Internal.DoozyAssetsProcessor..cctor () [0x00001] in C:\Users\csviv\Desktop\unity\Heimat Festival\Assets\Doozy\Editor\Internal\DoozyAssetsProcessor.cs:25 
UnityEngine.StackTraceUtility:ExtractStackTrace ()
UnityEngine.DebugLogHandler:LogFormat (UnityEngine.LogType,UnityEngine.Object,string,object[])
UnityEngine.Logger:Log (UnityEngine.LogType,object)
UnityEngine.Debug:LogError (object)
UnityEditor.EditorAssemblies:ProcessInitializeOnLoadAttributes (System.Type[])

System.TypeInitializationException: The type initializer for 'Doozy.Engine.Utils.DoozyPath' threw an exception. ---> System.ArgumentException: The specified path is not of a legal form (empty).
  at System.IO.Path.InsecureGetFullPath (System.String path) [0x00025] in <695d1cc93cca45069c528c15c9fdd749>:0 
  at System.IO.Path.GetFullPathInternal (System.String path) [0x00000] in <695d1cc93cca45069c528c15c9fdd749>:0 
  at System.IO.FileInfo.Init (System.String fileName, System.Boolean checkHost) [0x00007] in <695d1cc93cca45069c528c15c9fdd749>:0 
  at System.IO.FileInfo..ctor (System.String fileName) [0x00014] in <695d1cc93cca45069c528c15c9fdd749>:0 
  at (wrapper remoting-invoke-with-check) System.IO.FileInfo..ctor(string)
  at Doozy.Engine.Utils.DoozyPath.get_BasePath () [0x0003b] in C:\Users\csviv\Desktop\unity\Heimat Festival\Assets\Doozy\Engine\Utils\DoozyPath.cs:158 
  at Doozy.Engine.Utils.DoozyPath..cctor () [0x00000] in C:\Users\csviv\Desktop\unity\Heimat Festival\Assets\Doozy\Engine\Utils\DoozyPath.cs:62 
   --- End of inner exception stack trace ---
  at Doozy.Editor.Internal.ProcessorsSettings.get_Instance () [0x00018] in C:\Users\csviv\Desktop\unity\Heimat Festival\Assets\Doozy\Editor\Internal\ProcessorsSettings.cs:23 
  at Doozy.Editor.Internal.FoldersProcessor.ExecuteProcessor () [0x0000c] in C:\Users\csviv\Desktop\unity\Heimat Festival\Assets\Doozy\Editor\Internal\FoldersProcessor.cs:20 
  at Doozy.Editor.Internal.FoldersProcessor..cctor () [0x00001] in C:\Users\csviv\Desktop\unity\Heimat Festival\Assets\Doozy\Editor\Internal\FoldersProcessor.cs:15 
UnityEngine.StackTraceUtility:ExtractStackTrace ()
UnityEngine.DebugLogHandler:LogFormat (UnityEngine.LogType,UnityEngine.Object,string,object[])
UnityEngine.Logger:Log (UnityEngine.LogType,object)
UnityEngine.Debug:LogError (object)
UnityEditor.EditorAssemblies:ProcessInitializeOnLoadAttributes (System.Type[])

Mono: successfully reloaded assembly
- Completed reload, in  3.362 seconds
Domain Reload Profiling:
	ReloadAssembly (3362ms)
		BeginReloadAssembly (267ms)
			ExecutionOrderSort (0ms)
			DisableScriptedObjects (24ms)
			BackupInstance (0ms)
			ReleaseScriptingObjects (0ms)
			CreateAndSetChildDomain (99ms)
		EndReloadAssembly (2971ms)
			LoadAssemblies (194ms)
			RebuildTransferFunctionScriptingTraits (0ms)
			SetupTypeCache (1159ms)
			ReleaseScriptCaches (4ms)
			RebuildScriptCaches (196ms)
			SetupLoadedEditorAssemblies (1015ms)
				LogAssemblyErrors (0ms)
				InitializePlatformSupportModulesInManaged (7ms)
				SetLoadedEditorAssemblies (1ms)
				RefreshPlugins (3ms)
				BeforeProcessingInitializeOnLoad (241ms)
				ProcessInitializeOnLoadAttributes (548ms)
				ProcessInitializeOnLoadMethodAttributes (204ms)
				AfterProcessingInitializeOnLoad (11ms)
				EditorAssembliesLoaded (0ms)
			ExecutionOrderSort2 (0ms)
			AwakeInstancesAfterBackupRestoration (84ms)
Platform modules already initialized, skipping
Refreshing native plugins compatible for Editor in 3.55 ms, found 5 plugins.
Preloading 0 native plugins for Editor in 0.00 ms.
Unloading 6120 Unused Serialized files (Serialized files now loaded: 0)
System memory in use before: 242.9 MB.
System memory in use after: 243.3 MB.

Unloading 159 unused Assets to reduce memory usage. Loaded Objects now: 6660.
Total: 7.265300 ms (FindLiveObjects: 0.587700 ms CreateObjectMapping: 0.478200 ms MarkObjects: 5.932500 ms  DeleteObjects: 0.264600 ms)

AssetImportParameters requested are different than current active one (requested -> active):
  custom:framework-win-MediaFoundation: 216162199b28c13a410421893ffa2e32 -> 
  custom:video-decoder-ogg-theora: a1e56fd34408186e4bbccfd4996cb3dc -> 
  custom:container-muxer-webm: aa71ff27fc2769a1b78a27578f13a17b -> 
  custom:container-demuxer-webm: 4f35f7cbe854078d1ac9338744f61a02 -> 
  custom:container-demuxer-ogg: 62fdf1f143b41e24485cea50d1cbac27 -> 
  custom:video-encoder-webm-vp8: eb34c28f22e8b96e1ab97ce403110664 -> 
  custom:video-decoder-webm-vp8: 9c59270c3fd7afecdb556c50c9e8de78 -> 
  custom:audio-decoder-ogg-vorbis: bf7c407c2cedff20999df2af8eb42d56 -> 
  custom:audio-encoder-webm-vorbis: bf7c407c2cedff20999df2af8eb42d56 -> 
========================================================================
Received Import Request.
  Time since last request: 66671.438829 seconds.
  path: Assets/Scenes/SampleScene.unity
  artifactKey: Guid(9fc0d4010bbf28b4594072e72b8655ab) Importer(815301076,1909f56bfc062723c751e8b465ee728b)
Start importing Assets/Scenes/SampleScene.unity using Guid(9fc0d4010bbf28b4594072e72b8655ab) Importer(815301076,1909f56bfc062723c751e8b465ee728b)  -> (artifact id: '95ebabe541fdf54a55120c20d7750c09') in 0.048177 seconds 
  Import took 0.072995 seconds .

========================================================================
Received Prepare
Registering precompiled user dll's ...
Registered in 0.025057 seconds.
Begin MonoManager ReloadAssembly
Native extension for WindowsStandalone target not found
Native extension for WebGL target not found
Refreshing native plugins compatible for Editor in 2.99 ms, found 5 plugins.
Preloading 0 native plugins for Editor in 0.00 ms.
System.TypeInitializationException: The type initializer for 'Doozy.Engine.Utils.DoozyPath' threw an exception. ---> System.ArgumentException: The specified path is not of a legal form (empty).
  at System.IO.Path.InsecureGetFullPath (System.String path) [0x00025] in <695d1cc93cca45069c528c15c9fdd749>:0 
  at System.IO.Path.GetFullPathInternal (System.String path) [0x00000] in <695d1cc93cca45069c528c15c9fdd749>:0 
  at System.IO.FileInfo.Init (System.String fileName, System.Boolean checkHost) [0x00007] in <695d1cc93cca45069c528c15c9fdd749>:0 
  at System.IO.FileInfo..ctor (System.String fileName) [0x00014] in <695d1cc93cca45069c528c15c9fdd749>:0 
  at (wrapper remoting-invoke-with-check) System.IO.FileInfo..ctor(string)
  at Doozy.Engine.Utils.DoozyPath.get_BasePath () [0x0003b] in C:\Users\csviv\Desktop\unity\Heimat Festival\Assets\Doozy\Engine\Utils\DoozyPath.cs:158 
  at Doozy.Engine.Utils.DoozyPath..cctor () [0x00000] in C:\Users\csviv\Desktop\unity\Heimat Festival\Assets\Doozy\Engine\Utils\DoozyPath.cs:62 
   --- End of inner exception stack trace ---
  at Doozy.Editor.Internal.ProcessorsSettings.get_Instance () [0x00018] in C:\Users\csviv\Desktop\unity\Heimat Festival\Assets\Doozy\Editor\Internal\ProcessorsSettings.cs:23 
  at Doozy.Editor.Internal.DoozyAssetsProcessor.ExecuteProcessor () [0x0003f] in C:\Users\csviv\Desktop\unity\Heimat Festival\Assets\Doozy\Editor\Internal\DoozyAssetsProcessor.cs:44 
  at Doozy.Editor.Internal.DoozyAssetsProcessor..cctor () [0x00001] in C:\Users\csviv\Desktop\unity\Heimat Festival\Assets\Doozy\Editor\Internal\DoozyAssetsProcessor.cs:25 
UnityEngine.StackTraceUtility:ExtractStackTrace ()
UnityEngine.DebugLogHandler:LogFormat (UnityEngine.LogType,UnityEngine.Object,string,object[])
UnityEngine.Logger:Log (UnityEngine.LogType,object)
UnityEngine.Debug:LogError (object)
UnityEditor.EditorAssemblies:ProcessInitializeOnLoadAttributes (System.Type[])

System.TypeInitializationException: The type initializer for 'Doozy.Engine.Utils.DoozyPath' threw an exception. ---> System.ArgumentException: The specified path is not of a legal form (empty).
  at System.IO.Path.InsecureGetFullPath (System.String path) [0x00025] in <695d1cc93cca45069c528c15c9fdd749>:0 
  at System.IO.Path.GetFullPathInternal (System.String path) [0x00000] in <695d1cc93cca45069c528c15c9fdd749>:0 
  at System.IO.FileInfo.Init (System.String fileName, System.Boolean checkHost) [0x00007] in <695d1cc93cca45069c528c15c9fdd749>:0 
  at System.IO.FileInfo..ctor (System.String fileName) [0x00014] in <695d1cc93cca45069c528c15c9fdd749>:0 
  at (wrapper remoting-invoke-with-check) System.IO.FileInfo..ctor(string)
  at Doozy.Engine.Utils.DoozyPath.get_BasePath () [0x0003b] in C:\Users\csviv\Desktop\unity\Heimat Festival\Assets\Doozy\Engine\Utils\DoozyPath.cs:158 
  at Doozy.Engine.Utils.DoozyPath..cctor () [0x00000] in C:\Users\csviv\Desktop\unity\Heimat Festival\Assets\Doozy\Engine\Utils\DoozyPath.cs:62 
   --- End of inner exception stack trace ---
  at Doozy.Editor.Internal.ProcessorsSettings.get_Instance () [0x00018] in C:\Users\csviv\Desktop\unity\Heimat Festival\Assets\Doozy\Editor\Internal\ProcessorsSettings.cs:23 
  at Doozy.Editor.Internal.FoldersProcessor.ExecuteProcessor () [0x0000c] in C:\Users\csviv\Desktop\unity\Heimat Festival\Assets\Doozy\Editor\Internal\FoldersProcessor.cs:20 
  at Doozy.Editor.Internal.FoldersProcessor..cctor () [0x00001] in C:\Users\csviv\Desktop\unity\Heimat Festival\Assets\Doozy\Editor\Internal\FoldersProcessor.cs:15 
UnityEngine.StackTraceUtility:ExtractStackTrace ()
UnityEngine.DebugLogHandler:LogFormat (UnityEngine.LogType,UnityEngine.Object,string,object[])
UnityEngine.Logger:Log (UnityEngine.LogType,object)
UnityEngine.Debug:LogError (object)
UnityEditor.EditorAssemblies:ProcessInitializeOnLoadAttributes (System.Type[])

Mono: successfully reloaded assembly
- Completed reload, in  3.307 seconds
Domain Reload Profiling:
	ReloadAssembly (3308ms)
		BeginReloadAssembly (250ms)
			ExecutionOrderSort (0ms)
			DisableScriptedObjects (13ms)
			BackupInstance (0ms)
			ReleaseScriptingObjects (0ms)
			CreateAndSetChildDomain (95ms)
		EndReloadAssembly (2901ms)
			LoadAssemblies (214ms)
			RebuildTransferFunctionScriptingTraits (0ms)
			SetupTypeCache (929ms)
			ReleaseScriptCaches (5ms)
			RebuildScriptCaches (182ms)
			SetupLoadedEditorAssemblies (1192ms)
				LogAssemblyErrors (0ms)
				InitializePlatformSupportModulesInManaged (14ms)
				SetLoadedEditorAssemblies (1ms)
				RefreshPlugins (3ms)
				BeforeProcessingInitializeOnLoad (297ms)
				ProcessInitializeOnLoadAttributes (601ms)
				ProcessInitializeOnLoadMethodAttributes (265ms)
				AfterProcessingInitializeOnLoad (10ms)
				EditorAssembliesLoaded (1ms)
			ExecutionOrderSort2 (0ms)
			AwakeInstancesAfterBackupRestoration (90ms)
Platform modules already initialized, skipping
Refreshing native plugins compatible for Editor in 5.20 ms, found 5 plugins.
Preloading 0 native plugins for Editor in 0.00 ms.
Unloading 6120 Unused Serialized files (Serialized files now loaded: 0)
System memory in use before: 242.9 MB.
System memory in use after: 243.3 MB.

Unloading 159 unused Assets to reduce memory usage. Loaded Objects now: 6662.
Total: 13.118800 ms (FindLiveObjects: 1.099600 ms CreateObjectMapping: 0.738300 ms MarkObjects: 10.662300 ms  DeleteObjects: 0.615600 ms)

AssetImportParameters requested are different than current active one (requested -> active):
  custom:framework-win-MediaFoundation: 216162199b28c13a410421893ffa2e32 -> 
  custom:video-decoder-ogg-theora: a1e56fd34408186e4bbccfd4996cb3dc -> 
  custom:container-muxer-webm: aa71ff27fc2769a1b78a27578f13a17b -> 
  custom:container-demuxer-webm: 4f35f7cbe854078d1ac9338744f61a02 -> 
  custom:container-demuxer-ogg: 62fdf1f143b41e24485cea50d1cbac27 -> 
  custom:video-encoder-webm-vp8: eb34c28f22e8b96e1ab97ce403110664 -> 
  custom:video-decoder-webm-vp8: 9c59270c3fd7afecdb556c50c9e8de78 -> 
  custom:audio-decoder-ogg-vorbis: bf7c407c2cedff20999df2af8eb42d56 -> 
  custom:audio-encoder-webm-vorbis: bf7c407c2cedff20999df2af8eb42d56 -> 
========================================================================
Received Prepare
Registering precompiled user dll's ...
Registered in 0.042698 seconds.
Begin MonoManager ReloadAssembly
Native extension for WindowsStandalone target not found
Native extension for WebGL target not found
Refreshing native plugins compatible for Editor in 2.58 ms, found 5 plugins.
Preloading 0 native plugins for Editor in 0.00 ms.
System.TypeInitializationException: The type initializer for 'Doozy.Engine.Utils.DoozyPath' threw an exception. ---> System.ArgumentException: The specified path is not of a legal form (empty).
  at System.IO.Path.InsecureGetFullPath (System.String path) [0x00025] in <695d1cc93cca45069c528c15c9fdd749>:0 
  at System.IO.Path.GetFullPathInternal (System.String path) [0x00000] in <695d1cc93cca45069c528c15c9fdd749>:0 
  at System.IO.FileInfo.Init (System.String fileName, System.Boolean checkHost) [0x00007] in <695d1cc93cca45069c528c15c9fdd749>:0 
  at System.IO.FileInfo..ctor (System.String fileName) [0x00014] in <695d1cc93cca45069c528c15c9fdd749>:0 
  at (wrapper remoting-invoke-with-check) System.IO.FileInfo..ctor(string)
  at Doozy.Engine.Utils.DoozyPath.get_BasePath () [0x0003b] in C:\Users\csviv\Desktop\unity\Heimat Festival\Assets\Doozy\Engine\Utils\DoozyPath.cs:158 
  at Doozy.Engine.Utils.DoozyPath..cctor () [0x00000] in C:\Users\csviv\Desktop\unity\Heimat Festival\Assets\Doozy\Engine\Utils\DoozyPath.cs:62 
   --- End of inner exception stack trace ---
  at Doozy.Editor.Internal.ProcessorsSettings.get_Instance () [0x00018] in C:\Users\csviv\Desktop\unity\Heimat Festival\Assets\Doozy\Editor\Internal\ProcessorsSettings.cs:23 
  at Doozy.Editor.Internal.DoozyAssetsProcessor.ExecuteProcessor () [0x0003f] in C:\Users\csviv\Desktop\unity\Heimat Festival\Assets\Doozy\Editor\Internal\DoozyAssetsProcessor.cs:44 
  at Doozy.Editor.Internal.DoozyAssetsProcessor..cctor () [0x00001] in C:\Users\csviv\Desktop\unity\Heimat Festival\Assets\Doozy\Editor\Internal\DoozyAssetsProcessor.cs:25 
UnityEngine.StackTraceUtility:ExtractStackTrace ()
UnityEngine.DebugLogHandler:LogFormat (UnityEngine.LogType,UnityEngine.Object,string,object[])
UnityEngine.Logger:Log (UnityEngine.LogType,object)
UnityEngine.Debug:LogError (object)
UnityEditor.EditorAssemblies:ProcessInitializeOnLoadAttributes (System.Type[])

System.TypeInitializationException: The type initializer for 'Doozy.Engine.Utils.DoozyPath' threw an exception. ---> System.ArgumentException: The specified path is not of a legal form (empty).
  at System.IO.Path.InsecureGetFullPath (System.String path) [0x00025] in <695d1cc93cca45069c528c15c9fdd749>:0 
  at System.IO.Path.GetFullPathInternal (System.String path) [0x00000] in <695d1cc93cca45069c528c15c9fdd749>:0 
  at System.IO.FileInfo.Init (System.String fileName, System.Boolean checkHost) [0x00007] in <695d1cc93cca45069c528c15c9fdd749>:0 
  at System.IO.FileInfo..ctor (System.String fileName) [0x00014] in <695d1cc93cca45069c528c15c9fdd749>:0 
  at (wrapper remoting-invoke-with-check) System.IO.FileInfo..ctor(string)
  at Doozy.Engine.Utils.DoozyPath.get_BasePath () [0x0003b] in C:\Users\csviv\Desktop\unity\Heimat Festival\Assets\Doozy\Engine\Utils\DoozyPath.cs:158 
  at Doozy.Engine.Utils.DoozyPath..cctor () [0x00000] in C:\Users\csviv\Desktop\unity\Heimat Festival\Assets\Doozy\Engine\Utils\DoozyPath.cs:62 
   --- End of inner exception stack trace ---
  at Doozy.Editor.Internal.ProcessorsSettings.get_Instance () [0x00018] in C:\Users\csviv\Desktop\unity\Heimat Festival\Assets\Doozy\Editor\Internal\ProcessorsSettings.cs:23 
  at Doozy.Editor.Internal.FoldersProcessor.ExecuteProcessor () [0x0000c] in C:\Users\csviv\Desktop\unity\Heimat Festival\Assets\Doozy\Editor\Internal\FoldersProcessor.cs:20 
  at Doozy.Editor.Internal.FoldersProcessor..cctor () [0x00001] in C:\Users\csviv\Desktop\unity\Heimat Festival\Assets\Doozy\Editor\Internal\FoldersProcessor.cs:15 
UnityEngine.StackTraceUtility:ExtractStackTrace ()
UnityEngine.DebugLogHandler:LogFormat (UnityEngine.LogType,UnityEngine.Object,string,object[])
UnityEngine.Logger:Log (UnityEngine.LogType,object)
UnityEngine.Debug:LogError (object)
UnityEditor.EditorAssemblies:ProcessInitializeOnLoadAttributes (System.Type[])

Mono: successfully reloaded assembly
- Completed reload, in  3.553 seconds
Domain Reload Profiling:
	ReloadAssembly (3554ms)
		BeginReloadAssembly (255ms)
			ExecutionOrderSort (0ms)
			DisableScriptedObjects (16ms)
			BackupInstance (0ms)
			ReleaseScriptingObjects (0ms)
			CreateAndSetChildDomain (87ms)
		EndReloadAssembly (3148ms)
			LoadAssemblies (240ms)
			RebuildTransferFunctionScriptingTraits (0ms)
			SetupTypeCache (1050ms)
			ReleaseScriptCaches (3ms)
			RebuildScriptCaches (182ms)
			SetupLoadedEditorAssemblies (1252ms)
				LogAssemblyErrors (0ms)
				InitializePlatformSupportModulesInManaged (11ms)
				SetLoadedEditorAssemblies (1ms)
				RefreshPlugins (3ms)
				BeforeProcessingInitializeOnLoad (344ms)
				ProcessInitializeOnLoadAttributes (584ms)
				ProcessInitializeOnLoadMethodAttributes (295ms)
				AfterProcessingInitializeOnLoad (13ms)
				EditorAssembliesLoaded (1ms)
			ExecutionOrderSort2 (0ms)
			AwakeInstancesAfterBackupRestoration (88ms)
Platform modules already initialized, skipping
Refreshing native plugins compatible for Editor in 6.61 ms, found 5 plugins.
Preloading 0 native plugins for Editor in 0.00 ms.
Unloading 6120 Unused Serialized files (Serialized files now loaded: 0)
System memory in use before: 242.9 MB.
System memory in use after: 243.3 MB.

Unloading 159 unused Assets to reduce memory usage. Loaded Objects now: 6664.
Total: 10.238500 ms (FindLiveObjects: 0.720400 ms CreateObjectMapping: 0.724000 ms MarkObjects: 8.479900 ms  DeleteObjects: 0.311300 ms)

AssetImportParameters requested are different than current active one (requested -> active):
  custom:framework-win-MediaFoundation: 216162199b28c13a410421893ffa2e32 -> 
  custom:video-decoder-ogg-theora: a1e56fd34408186e4bbccfd4996cb3dc -> 
  custom:container-muxer-webm: aa71ff27fc2769a1b78a27578f13a17b -> 
  custom:container-demuxer-webm: 4f35f7cbe854078d1ac9338744f61a02 -> 
  custom:container-demuxer-ogg: 62fdf1f143b41e24485cea50d1cbac27 -> 
  custom:video-encoder-webm-vp8: eb34c28f22e8b96e1ab97ce403110664 -> 
  custom:video-decoder-webm-vp8: 9c59270c3fd7afecdb556c50c9e8de78 -> 
  custom:audio-decoder-ogg-vorbis: bf7c407c2cedff20999df2af8eb42d56 -> 
  custom:audio-encoder-webm-vorbis: bf7c407c2cedff20999df2af8eb42d56 -> 
========================================================================
Received Prepare
Registering precompiled user dll's ...
Registered in 0.016830 seconds.
Begin MonoManager ReloadAssembly
Native extension for WindowsStandalone target not found
Native extension for WebGL target not found
Refreshing native plugins compatible for Editor in 4.97 ms, found 5 plugins.
Preloading 0 native plugins for Editor in 0.00 ms.
System.TypeInitializationException: The type initializer for 'Doozy.Engine.Utils.DoozyPath' threw an exception. ---> System.ArgumentException: The specified path is not of a legal form (empty).
  at System.IO.Path.InsecureGetFullPath (System.String path) [0x00025] in <695d1cc93cca45069c528c15c9fdd749>:0 
  at System.IO.Path.GetFullPathInternal (System.String path) [0x00000] in <695d1cc93cca45069c528c15c9fdd749>:0 
  at System.IO.FileInfo.Init (System.String fileName, System.Boolean checkHost) [0x00007] in <695d1cc93cca45069c528c15c9fdd749>:0 
  at System.IO.FileInfo..ctor (System.String fileName) [0x00014] in <695d1cc93cca45069c528c15c9fdd749>:0 
  at (wrapper remoting-invoke-with-check) System.IO.FileInfo..ctor(string)
  at Doozy.Engine.Utils.DoozyPath.get_BasePath () [0x0003b] in C:\Users\csviv\Desktop\unity\Heimat Festival\Assets\Doozy\Engine\Utils\DoozyPath.cs:158 
  at Doozy.Engine.Utils.DoozyPath..cctor () [0x00000] in C:\Users\csviv\Desktop\unity\Heimat Festival\Assets\Doozy\Engine\Utils\DoozyPath.cs:62 
   --- End of inner exception stack trace ---
  at Doozy.Editor.Internal.ProcessorsSettings.get_Instance () [0x00018] in C:\Users\csviv\Desktop\unity\Heimat Festival\Assets\Doozy\Editor\Internal\ProcessorsSettings.cs:23 
  at Doozy.Editor.Internal.DoozyAssetsProcessor.ExecuteProcessor () [0x0003f] in C:\Users\csviv\Desktop\unity\Heimat Festival\Assets\Doozy\Editor\Internal\DoozyAssetsProcessor.cs:44 
  at Doozy.Editor.Internal.DoozyAssetsProcessor..cctor () [0x00001] in C:\Users\csviv\Desktop\unity\Heimat Festival\Assets\Doozy\Editor\Internal\DoozyAssetsProcessor.cs:25 
UnityEngine.StackTraceUtility:ExtractStackTrace ()
UnityEngine.DebugLogHandler:LogFormat (UnityEngine.LogType,UnityEngine.Object,string,object[])
UnityEngine.Logger:Log (UnityEngine.LogType,object)
UnityEngine.Debug:LogError (object)
UnityEditor.EditorAssemblies:ProcessInitializeOnLoadAttributes (System.Type[])

System.TypeInitializationException: The type initializer for 'Doozy.Engine.Utils.DoozyPath' threw an exception. ---> System.ArgumentException: The specified path is not of a legal form (empty).
  at System.IO.Path.InsecureGetFullPath (System.String path) [0x00025] in <695d1cc93cca45069c528c15c9fdd749>:0 
  at System.IO.Path.GetFullPathInternal (System.String path) [0x00000] in <695d1cc93cca45069c528c15c9fdd749>:0 
  at System.IO.FileInfo.Init (System.String fileName, System.Boolean checkHost) [0x00007] in <695d1cc93cca45069c528c15c9fdd749>:0 
  at System.IO.FileInfo..ctor (System.String fileName) [0x00014] in <695d1cc93cca45069c528c15c9fdd749>:0 
  at (wrapper remoting-invoke-with-check) System.IO.FileInfo..ctor(string)
  at Doozy.Engine.Utils.DoozyPath.get_BasePath () [0x0003b] in C:\Users\csviv\Desktop\unity\Heimat Festival\Assets\Doozy\Engine\Utils\DoozyPath.cs:158 
  at Doozy.Engine.Utils.DoozyPath..cctor () [0x00000] in C:\Users\csviv\Desktop\unity\Heimat Festival\Assets\Doozy\Engine\Utils\DoozyPath.cs:62 
   --- End of inner exception stack trace ---
  at Doozy.Editor.Internal.ProcessorsSettings.get_Instance () [0x00018] in C:\Users\csviv\Desktop\unity\Heimat Festival\Assets\Doozy\Editor\Internal\ProcessorsSettings.cs:23 
  at Doozy.Editor.Internal.FoldersProcessor.ExecuteProcessor () [0x0000c] in C:\Users\csviv\Desktop\unity\Heimat Festival\Assets\Doozy\Editor\Internal\FoldersProcessor.cs:20 
  at Doozy.Editor.Internal.FoldersProcessor..cctor () [0x00001] in C:\Users\csviv\Desktop\unity\Heimat Festival\Assets\Doozy\Editor\Internal\FoldersProcessor.cs:15 
UnityEngine.StackTraceUtility:ExtractStackTrace ()
UnityEngine.DebugLogHandler:LogFormat (UnityEngine.LogType,UnityEngine.Object,string,object[])
UnityEngine.Logger:Log (UnityEngine.LogType,object)
UnityEngine.Debug:LogError (object)
UnityEditor.EditorAssemblies:ProcessInitializeOnLoadAttributes (System.Type[])

Mono: successfully reloaded assembly
- Completed reload, in 11.070 seconds
Domain Reload Profiling:
	ReloadAssembly (11072ms)
		BeginReloadAssembly (312ms)
			ExecutionOrderSort (0ms)
			DisableScriptedObjects (24ms)
			BackupInstance (0ms)
			ReleaseScriptingObjects (0ms)
			CreateAndSetChildDomain (98ms)
		EndReloadAssembly (10565ms)
			LoadAssemblies (275ms)
			RebuildTransferFunctionScriptingTraits (0ms)
			SetupTypeCache (6833ms)
			ReleaseScriptCaches (6ms)
			RebuildScriptCaches (522ms)
			SetupLoadedEditorAssemblies (2068ms)
				LogAssemblyErrors (0ms)
				InitializePlatformSupportModulesInManaged (27ms)
				SetLoadedEditorAssemblies (2ms)
				RefreshPlugins (5ms)
				BeforeProcessingInitializeOnLoad (479ms)
				ProcessInitializeOnLoadAttributes (1118ms)
				ProcessInitializeOnLoadMethodAttributes (418ms)
				AfterProcessingInitializeOnLoad (18ms)
				EditorAssembliesLoaded (1ms)
			ExecutionOrderSort2 (0ms)
			AwakeInstancesAfterBackupRestoration (101ms)
Platform modules already initialized, skipping
Refreshing native plugins compatible for Editor in 3.88 ms, found 5 plugins.
Preloading 0 native plugins for Editor in 0.00 ms.
Unloading 6120 Unused Serialized files (Serialized files now loaded: 0)
System memory in use before: 242.9 MB.
System memory in use after: 243.4 MB.

Unloading 159 unused Assets to reduce memory usage. Loaded Objects now: 6666.
Total: 9.063000 ms (FindLiveObjects: 0.911300 ms CreateObjectMapping: 0.594000 ms MarkObjects: 7.090400 ms  DeleteObjects: 0.464700 ms)

AssetImportParameters requested are different than current active one (requested -> active):
  custom:framework-win-MediaFoundation: 216162199b28c13a410421893ffa2e32 -> 
  custom:video-decoder-ogg-theora: a1e56fd34408186e4bbccfd4996cb3dc -> 
  custom:container-muxer-webm: aa71ff27fc2769a1b78a27578f13a17b -> 
  custom:container-demuxer-webm: 4f35f7cbe854078d1ac9338744f61a02 -> 
  custom:container-demuxer-ogg: 62fdf1f143b41e24485cea50d1cbac27 -> 
  custom:video-encoder-webm-vp8: eb34c28f22e8b96e1ab97ce403110664 -> 
  custom:video-decoder-webm-vp8: 9c59270c3fd7afecdb556c50c9e8de78 -> 
  custom:audio-decoder-ogg-vorbis: bf7c407c2cedff20999df2af8eb42d56 -> 
  custom:audio-encoder-webm-vorbis: bf7c407c2cedff20999df2af8eb42d56 -> 
========================================================================
Received Prepare
Registering precompiled user dll's ...
Registered in 0.017616 seconds.
Begin MonoManager ReloadAssembly
Native extension for WindowsStandalone target not found
Native extension for WebGL target not found
Refreshing native plugins compatible for Editor in 5.33 ms, found 5 plugins.
Preloading 0 native plugins for Editor in 0.00 ms.
System.TypeInitializationException: The type initializer for 'Doozy.Engine.Utils.DoozyPath' threw an exception. ---> System.ArgumentException: The specified path is not of a legal form (empty).
  at System.IO.Path.InsecureGetFullPath (System.String path) [0x00025] in <695d1cc93cca45069c528c15c9fdd749>:0 
  at System.IO.Path.GetFullPathInternal (System.String path) [0x00000] in <695d1cc93cca45069c528c15c9fdd749>:0 
  at System.IO.FileInfo.Init (System.String fileName, System.Boolean checkHost) [0x00007] in <695d1cc93cca45069c528c15c9fdd749>:0 
  at System.IO.FileInfo..ctor (System.String fileName) [0x00014] in <695d1cc93cca45069c528c15c9fdd749>:0 
  at (wrapper remoting-invoke-with-check) System.IO.FileInfo..ctor(string)
  at Doozy.Engine.Utils.DoozyPath.get_BasePath () [0x0003b] in C:\Users\csviv\Desktop\unity\Heimat Festival\Assets\Doozy\Engine\Utils\DoozyPath.cs:158 
  at Doozy.Engine.Utils.DoozyPath..cctor () [0x00000] in C:\Users\csviv\Desktop\unity\Heimat Festival\Assets\Doozy\Engine\Utils\DoozyPath.cs:62 
   --- End of inner exception stack trace ---
  at Doozy.Editor.Internal.ProcessorsSettings.get_Instance () [0x00018] in C:\Users\csviv\Desktop\unity\Heimat Festival\Assets\Doozy\Editor\Internal\ProcessorsSettings.cs:23 
  at Doozy.Editor.Internal.DoozyAssetsProcessor.ExecuteProcessor () [0x0003f] in C:\Users\csviv\Desktop\unity\Heimat Festival\Assets\Doozy\Editor\Internal\DoozyAssetsProcessor.cs:44 
  at Doozy.Editor.Internal.DoozyAssetsProcessor..cctor () [0x00001] in C:\Users\csviv\Desktop\unity\Heimat Festival\Assets\Doozy\Editor\Internal\DoozyAssetsProcessor.cs:25 
UnityEngine.StackTraceUtility:ExtractStackTrace ()
UnityEngine.DebugLogHandler:LogFormat (UnityEngine.LogType,UnityEngine.Object,string,object[])
UnityEngine.Logger:Log (UnityEngine.LogType,object)
UnityEngine.Debug:LogError (object)
UnityEditor.EditorAssemblies:ProcessInitializeOnLoadAttributes (System.Type[])

System.TypeInitializationException: The type initializer for 'Doozy.Engine.Utils.DoozyPath' threw an exception. ---> System.ArgumentException: The specified path is not of a legal form (empty).
  at System.IO.Path.InsecureGetFullPath (System.String path) [0x00025] in <695d1cc93cca45069c528c15c9fdd749>:0 
  at System.IO.Path.GetFullPathInternal (System.String path) [0x00000] in <695d1cc93cca45069c528c15c9fdd749>:0 
  at System.IO.FileInfo.Init (System.String fileName, System.Boolean checkHost) [0x00007] in <695d1cc93cca45069c528c15c9fdd749>:0 
  at System.IO.FileInfo..ctor (System.String fileName) [0x00014] in <695d1cc93cca45069c528c15c9fdd749>:0 
  at (wrapper remoting-invoke-with-check) System.IO.FileInfo..ctor(string)
  at Doozy.Engine.Utils.DoozyPath.get_BasePath () [0x0003b] in C:\Users\csviv\Desktop\unity\Heimat Festival\Assets\Doozy\Engine\Utils\DoozyPath.cs:158 
  at Doozy.Engine.Utils.DoozyPath..cctor () [0x00000] in C:\Users\csviv\Desktop\unity\Heimat Festival\Assets\Doozy\Engine\Utils\DoozyPath.cs:62 
   --- End of inner exception stack trace ---
  at Doozy.Editor.Internal.ProcessorsSettings.get_Instance () [0x00018] in C:\Users\csviv\Desktop\unity\Heimat Festival\Assets\Doozy\Editor\Internal\ProcessorsSettings.cs:23 
  at Doozy.Editor.Internal.FoldersProcessor.ExecuteProcessor () [0x0000c] in C:\Users\csviv\Desktop\unity\Heimat Festival\Assets\Doozy\Editor\Internal\FoldersProcessor.cs:20 
  at Doozy.Editor.Internal.FoldersProcessor..cctor () [0x00001] in C:\Users\csviv\Desktop\unity\Heimat Festival\Assets\Doozy\Editor\Internal\FoldersProcessor.cs:15 
UnityEngine.StackTraceUtility:ExtractStackTrace ()
UnityEngine.DebugLogHandler:LogFormat (UnityEngine.LogType,UnityEngine.Object,string,object[])
UnityEngine.Logger:Log (UnityEngine.LogType,object)
UnityEngine.Debug:LogError (object)
UnityEditor.EditorAssemblies:ProcessInitializeOnLoadAttributes (System.Type[])

Mono: successfully reloaded assembly
- Completed reload, in  4.323 seconds
Domain Reload Profiling:
	ReloadAssembly (4324ms)
		BeginReloadAssembly (292ms)
			ExecutionOrderSort (0ms)
			DisableScriptedObjects (18ms)
			BackupInstance (0ms)
			ReleaseScriptingObjects (0ms)
			CreateAndSetChildDomain (100ms)
		EndReloadAssembly (3863ms)
			LoadAssemblies (286ms)
			RebuildTransferFunctionScriptingTraits (0ms)
			SetupTypeCache (1187ms)
			ReleaseScriptCaches (5ms)
			RebuildScriptCaches (245ms)
			SetupLoadedEditorAssemblies (1648ms)
				LogAssemblyErrors (0ms)
				InitializePlatformSupportModulesInManaged (19ms)
				SetLoadedEditorAssemblies (1ms)
				RefreshPlugins (5ms)
				BeforeProcessingInitializeOnLoad (452ms)
				ProcessInitializeOnLoadAttributes (826ms)
				ProcessInitializeOnLoadMethodAttributes (322ms)
				AfterProcessingInitializeOnLoad (21ms)
				EditorAssembliesLoaded (1ms)
			ExecutionOrderSort2 (0ms)
			AwakeInstancesAfterBackupRestoration (100ms)
Platform modules already initialized, skipping
Refreshing native plugins compatible for Editor in 6.13 ms, found 5 plugins.
Preloading 0 native plugins for Editor in 0.00 ms.
Unloading 6120 Unused Serialized files (Serialized files now loaded: 0)
System memory in use before: 242.9 MB.
System memory in use after: 243.4 MB.

Unloading 159 unused Assets to reduce memory usage. Loaded Objects now: 6668.
Total: 11.463300 ms (FindLiveObjects: 0.837500 ms CreateObjectMapping: 0.637400 ms MarkObjects: 9.660800 ms  DeleteObjects: 0.325200 ms)

AssetImportParameters requested are different than current active one (requested -> active):
  custom:framework-win-MediaFoundation: 216162199b28c13a410421893ffa2e32 -> 
  custom:video-decoder-ogg-theora: a1e56fd34408186e4bbccfd4996cb3dc -> 
  custom:container-muxer-webm: aa71ff27fc2769a1b78a27578f13a17b -> 
  custom:container-demuxer-webm: 4f35f7cbe854078d1ac9338744f61a02 -> 
  custom:container-demuxer-ogg: 62fdf1f143b41e24485cea50d1cbac27 -> 
  custom:video-encoder-webm-vp8: eb34c28f22e8b96e1ab97ce403110664 -> 
  custom:video-decoder-webm-vp8: 9c59270c3fd7afecdb556c50c9e8de78 -> 
  custom:audio-decoder-ogg-vorbis: bf7c407c2cedff20999df2af8eb42d56 -> 
  custom:audio-encoder-webm-vorbis: bf7c407c2cedff20999df2af8eb42d56 -> 
========================================================================
Received Prepare
Registering precompiled user dll's ...
Registered in 0.015921 seconds.
Begin MonoManager ReloadAssembly
Native extension for WindowsStandalone target not found
Native extension for WebGL target not found
Refreshing native plugins compatible for Editor in 5.54 ms, found 5 plugins.
Preloading 0 native plugins for Editor in 0.00 ms.
System.TypeInitializationException: The type initializer for 'Doozy.Engine.Utils.DoozyPath' threw an exception. ---> System.ArgumentException: The specified path is not of a legal form (empty).
  at System.IO.Path.InsecureGetFullPath (System.String path) [0x00025] in <695d1cc93cca45069c528c15c9fdd749>:0 
  at System.IO.Path.GetFullPathInternal (System.String path) [0x00000] in <695d1cc93cca45069c528c15c9fdd749>:0 
  at System.IO.FileInfo.Init (System.String fileName, System.Boolean checkHost) [0x00007] in <695d1cc93cca45069c528c15c9fdd749>:0 
  at System.IO.FileInfo..ctor (System.String fileName) [0x00014] in <695d1cc93cca45069c528c15c9fdd749>:0 
  at (wrapper remoting-invoke-with-check) System.IO.FileInfo..ctor(string)
  at Doozy.Engine.Utils.DoozyPath.get_BasePath () [0x0003b] in C:\Users\csviv\Desktop\unity\Heimat Festival\Assets\Doozy\Engine\Utils\DoozyPath.cs:158 
  at Doozy.Engine.Utils.DoozyPath..cctor () [0x00000] in C:\Users\csviv\Desktop\unity\Heimat Festival\Assets\Doozy\Engine\Utils\DoozyPath.cs:62 
   --- End of inner exception stack trace ---
  at Doozy.Editor.Internal.ProcessorsSettings.get_Instance () [0x00018] in C:\Users\csviv\Desktop\unity\Heimat Festival\Assets\Doozy\Editor\Internal\ProcessorsSettings.cs:23 
  at Doozy.Editor.Internal.DoozyAssetsProcessor.ExecuteProcessor () [0x0003f] in C:\Users\csviv\Desktop\unity\Heimat Festival\Assets\Doozy\Editor\Internal\DoozyAssetsProcessor.cs:44 
  at Doozy.Editor.Internal.DoozyAssetsProcessor..cctor () [0x00001] in C:\Users\csviv\Desktop\unity\Heimat Festival\Assets\Doozy\Editor\Internal\DoozyAssetsProcessor.cs:25 
UnityEngine.StackTraceUtility:ExtractStackTrace ()
UnityEngine.DebugLogHandler:LogFormat (UnityEngine.LogType,UnityEngine.Object,string,object[])
UnityEngine.Logger:Log (UnityEngine.LogType,object)
UnityEngine.Debug:LogError (object)
UnityEditor.EditorAssemblies:ProcessInitializeOnLoadAttributes (System.Type[])

System.TypeInitializationException: The type initializer for 'Doozy.Engine.Utils.DoozyPath' threw an exception. ---> System.ArgumentException: The specified path is not of a legal form (empty).
  at System.IO.Path.InsecureGetFullPath (System.String path) [0x00025] in <695d1cc93cca45069c528c15c9fdd749>:0 
  at System.IO.Path.GetFullPathInternal (System.String path) [0x00000] in <695d1cc93cca45069c528c15c9fdd749>:0 
  at System.IO.FileInfo.Init (System.String fileName, System.Boolean checkHost) [0x00007] in <695d1cc93cca45069c528c15c9fdd749>:0 
  at System.IO.FileInfo..ctor (System.String fileName) [0x00014] in <695d1cc93cca45069c528c15c9fdd749>:0 
  at (wrapper remoting-invoke-with-check) System.IO.FileInfo..ctor(string)
  at Doozy.Engine.Utils.DoozyPath.get_BasePath () [0x0003b] in C:\Users\csviv\Desktop\unity\Heimat Festival\Assets\Doozy\Engine\Utils\DoozyPath.cs:158 
  at Doozy.Engine.Utils.DoozyPath..cctor () [0x00000] in C:\Users\csviv\Desktop\unity\Heimat Festival\Assets\Doozy\Engine\Utils\DoozyPath.cs:62 
   --- End of inner exception stack trace ---
  at Doozy.Editor.Internal.ProcessorsSettings.get_Instance () [0x00018] in C:\Users\csviv\Desktop\unity\Heimat Festival\Assets\Doozy\Editor\Internal\ProcessorsSettings.cs:23 
  at Doozy.Editor.Internal.FoldersProcessor.ExecuteProcessor () [0x0000c] in C:\Users\csviv\Desktop\unity\Heimat Festival\Assets\Doozy\Editor\Internal\FoldersProcessor.cs:20 
  at Doozy.Editor.Internal.FoldersProcessor..cctor () [0x00001] in C:\Users\csviv\Desktop\unity\Heimat Festival\Assets\Doozy\Editor\Internal\FoldersProcessor.cs:15 
UnityEngine.StackTraceUtility:ExtractStackTrace ()
UnityEngine.DebugLogHandler:LogFormat (UnityEngine.LogType,UnityEngine.Object,string,object[])
UnityEngine.Logger:Log (UnityEngine.LogType,object)
UnityEngine.Debug:LogError (object)
UnityEditor.EditorAssemblies:ProcessInitializeOnLoadAttributes (System.Type[])

Mono: successfully reloaded assembly
- Completed reload, in  3.958 seconds
Domain Reload Profiling:
	ReloadAssembly (3959ms)
		BeginReloadAssembly (315ms)
			ExecutionOrderSort (0ms)
			DisableScriptedObjects (16ms)
			BackupInstance (0ms)
			ReleaseScriptingObjects (0ms)
			CreateAndSetChildDomain (104ms)
		EndReloadAssembly (3456ms)
			LoadAssemblies (278ms)
			RebuildTransferFunctionScriptingTraits (0ms)
			SetupTypeCache (1183ms)
			ReleaseScriptCaches (4ms)
			RebuildScriptCaches (227ms)
			SetupLoadedEditorAssemblies (1391ms)
				LogAssemblyErrors (0ms)
				InitializePlatformSupportModulesInManaged (17ms)
				SetLoadedEditorAssemblies (2ms)
				RefreshPlugins (6ms)
				BeforeProcessingInitializeOnLoad (305ms)
				ProcessInitializeOnLoadAttributes (681ms)
				ProcessInitializeOnLoadMethodAttributes (366ms)
				AfterProcessingInitializeOnLoad (13ms)
				EditorAssembliesLoaded (1ms)
			ExecutionOrderSort2 (0ms)
			AwakeInstancesAfterBackupRestoration (91ms)
Platform modules already initialized, skipping
Refreshing native plugins compatible for Editor in 4.29 ms, found 5 plugins.
Preloading 0 native plugins for Editor in 0.00 ms.
Unloading 6120 Unused Serialized files (Serialized files now loaded: 0)
System memory in use before: 243.0 MB.
System memory in use after: 243.4 MB.

Unloading 159 unused Assets to reduce memory usage. Loaded Objects now: 6670.
Total: 7.812700 ms (FindLiveObjects: 0.680100 ms CreateObjectMapping: 0.448100 ms MarkObjects: 6.404900 ms  DeleteObjects: 0.276800 ms)

AssetImportParameters requested are different than current active one (requested -> active):
  custom:framework-win-MediaFoundation: 216162199b28c13a410421893ffa2e32 -> 
  custom:video-decoder-ogg-theora: a1e56fd34408186e4bbccfd4996cb3dc -> 
  custom:container-muxer-webm: aa71ff27fc2769a1b78a27578f13a17b -> 
  custom:container-demuxer-webm: 4f35f7cbe854078d1ac9338744f61a02 -> 
  custom:container-demuxer-ogg: 62fdf1f143b41e24485cea50d1cbac27 -> 
  custom:video-encoder-webm-vp8: eb34c28f22e8b96e1ab97ce403110664 -> 
  custom:video-decoder-webm-vp8: 9c59270c3fd7afecdb556c50c9e8de78 -> 
  custom:audio-decoder-ogg-vorbis: bf7c407c2cedff20999df2af8eb42d56 -> 
  custom:audio-encoder-webm-vorbis: bf7c407c2cedff20999df2af8eb42d56 -> 
